2025-02-01T13:51:35.573905+00:00 INFO 'ansible_navigator.setup_logger' New ansible-navigator instance, logging initialized
2025-02-01T13:51:35.574261+00:00 INFO 'ansible_navigator.setup_logger' New ansible-runner instance, logging initialized
2025-02-01T13:51:35.574312+00:00 DEBUG 'ansible_navigator.main' ansible-builder==1.1.0 /usr/lib/python3.9/site-packages
2025-02-01T13:51:35.574337+00:00 DEBUG 'ansible_navigator.main' ansible-core==2.13.0 /usr/lib/python3.9/site-packages
2025-02-01T13:51:35.574358+00:00 DEBUG 'ansible_navigator.main' ansible-navigator==2.1.0 /usr/lib/python3.9/site-packages
2025-02-01T13:51:35.574377+00:00 DEBUG 'ansible_navigator.main' ansible-runner==2.2.0 /usr/lib/python3.9/site-packages
2025-02-01T13:51:35.574395+00:00 DEBUG 'ansible_navigator.main' attrs==21.4.0 /usr/lib/python3.9/site-packages
2025-02-01T13:51:35.574414+00:00 DEBUG 'ansible_navigator.main' babel==2.9.1 /usr/lib/python3.9/site-packages
2025-02-01T13:51:35.574432+00:00 DEBUG 'ansible_navigator.main' bindep==2.10.2 /usr/lib/python3.9/site-packages
2025-02-01T13:51:35.574450+00:00 DEBUG 'ansible_navigator.main' brlapi==0.8.2 /usr/lib64/python3.9/site-packages
2025-02-01T13:51:35.574468+00:00 DEBUG 'ansible_navigator.main' certifi==2020.6.20 /usr/lib/python3.9/site-packages
2025-02-01T13:51:35.574486+00:00 DEBUG 'ansible_navigator.main' cffi==1.15.0 /usr/lib64/python3.9/site-packages
2025-02-01T13:51:35.574504+00:00 DEBUG 'ansible_navigator.main' chardet==4.0.0 /usr/lib/python3.9/site-packages
2025-02-01T13:51:35.574522+00:00 DEBUG 'ansible_navigator.main' charset-normalizer==2.0.11 /usr/lib/python3.9/site-packages
2025-02-01T13:51:35.574540+00:00 DEBUG 'ansible_navigator.main' chrome-gnome-shell==0.0.0 /usr/lib/python3.9/site-packages
2025-02-01T13:51:35.574558+00:00 DEBUG 'ansible_navigator.main' cloud-init==21.1 /usr/lib/python3.9/site-packages
2025-02-01T13:51:35.574576+00:00 DEBUG 'ansible_navigator.main' configobj==5.0.6 /usr/lib/python3.9/site-packages
2025-02-01T13:51:35.574594+00:00 DEBUG 'ansible_navigator.main' cryptography==36.0.1 /usr/lib64/python3.9/site-packages
2025-02-01T13:51:35.574611+00:00 DEBUG 'ansible_navigator.main' cupshelpers==1.0 /usr/lib/python3.9/site-packages
2025-02-01T13:51:35.574629+00:00 DEBUG 'ansible_navigator.main' dasbus==1.4 /usr/lib/python3.9/site-packages
2025-02-01T13:51:35.574647+00:00 DEBUG 'ansible_navigator.main' dbus-python==1.2.18 /usr/lib64/python3.9/site-packages
2025-02-01T13:51:35.574664+00:00 DEBUG 'ansible_navigator.main' decorator==4.4.2 /usr/lib/python3.9/site-packages
2025-02-01T13:51:35.574682+00:00 DEBUG 'ansible_navigator.main' distlib==0.3.4 /usr/local/lib/python3.9/site-packages
2025-02-01T13:51:35.574700+00:00 DEBUG 'ansible_navigator.main' distro==1.6.0 /usr/lib/python3.9/site-packages
2025-02-01T13:51:35.574717+00:00 DEBUG 'ansible_navigator.main' docutils==0.16 /usr/lib/python3.9/site-packages
2025-02-01T13:51:35.574735+00:00 DEBUG 'ansible_navigator.main' ethtool==0.15 /usr/lib64/python3.9/site-packages
2025-02-01T13:51:35.574753+00:00 DEBUG 'ansible_navigator.main' file-magic==0.4.0 /usr/lib/python3.9/site-packages
2025-02-01T13:51:35.574770+00:00 DEBUG 'ansible_navigator.main' filelock==3.7.0 /usr/local/lib/python3.9/site-packages
2025-02-01T13:51:35.574788+00:00 DEBUG 'ansible_navigator.main' gpg==1.15.1 /usr/lib64/python3.9/site-packages
2025-02-01T13:51:35.574806+00:00 DEBUG 'ansible_navigator.main' idna==3.3 /usr/lib/python3.9/site-packages
2025-02-01T13:51:35.574823+00:00 DEBUG 'ansible_navigator.main' iniparse==0.4 /usr/lib/python3.9/site-packages
2025-02-01T13:51:35.574841+00:00 DEBUG 'ansible_navigator.main' jinja2==3.0.3 /usr/lib/python3.9/site-packages
2025-02-01T13:51:35.574858+00:00 DEBUG 'ansible_navigator.main' jsonpatch==1.21 /usr/lib/python3.9/site-packages
2025-02-01T13:51:35.574876+00:00 DEBUG 'ansible_navigator.main' jsonpointer==2.0 /usr/lib/python3.9/site-packages
2025-02-01T13:51:35.574923+00:00 DEBUG 'ansible_navigator.main' jsonschema==3.2.0 /usr/lib/python3.9/site-packages
2025-02-01T13:51:35.574954+00:00 DEBUG 'ansible_navigator.main' libcomps==0.1.18 /usr/lib64/python3.9/site-packages
2025-02-01T13:51:35.574991+00:00 DEBUG 'ansible_navigator.main' lockfile==0.12.2 /usr/lib/python3.9/site-packages
2025-02-01T13:51:35.575021+00:00 DEBUG 'ansible_navigator.main' lxml==4.6.5 /usr/lib64/python3.9/site-packages
2025-02-01T13:51:35.575061+00:00 DEBUG 'ansible_navigator.main' markupsafe==2.1.0 /usr/lib64/python3.9/site-packages
2025-02-01T13:51:35.575104+00:00 DEBUG 'ansible_navigator.main' netifaces==0.10.6 /usr/lib64/python3.9/site-packages
2025-02-01T13:51:35.575140+00:00 DEBUG 'ansible_navigator.main' nftables==0.1 /usr/lib/python3.9/site-packages
2025-02-01T13:51:35.575164+00:00 DEBUG 'ansible_navigator.main' oauthlib==3.1.1 /usr/lib/python3.9/site-packages
2025-02-01T13:51:35.575182+00:00 DEBUG 'ansible_navigator.main' onigurumacffi==1.1.0 /usr/lib64/python3.9/site-packages
2025-02-01T13:51:35.575201+00:00 DEBUG 'ansible_navigator.main' packaging==21.2 /usr/lib/python3.9/site-packages
2025-02-01T13:51:35.575219+00:00 DEBUG 'ansible_navigator.main' parsley==1.3 /usr/lib/python3.9/site-packages
2025-02-01T13:51:35.575238+00:00 DEBUG 'ansible_navigator.main' pbr==5.8.1 /usr/lib/python3.9/site-packages
2025-02-01T13:51:35.575257+00:00 DEBUG 'ansible_navigator.main' perf==0.1 /usr/lib64/python3.9/site-packages
2025-02-01T13:51:35.575275+00:00 DEBUG 'ansible_navigator.main' pexpect==4.8.0 /usr/lib/python3.9/site-packages
2025-02-01T13:51:35.575294+00:00 DEBUG 'ansible_navigator.main' pip==21.2.3 /usr/lib/python3.9/site-packages
2025-02-01T13:51:35.575313+00:00 DEBUG 'ansible_navigator.main' platformdirs==2.5.2 /usr/local/lib/python3.9/site-packages
2025-02-01T13:51:35.575331+00:00 DEBUG 'ansible_navigator.main' ply==3.11 /usr/lib/python3.9/site-packages
2025-02-01T13:51:35.575350+00:00 DEBUG 'ansible_navigator.main' prettytable==0.7.2 /usr/lib/python3.9/site-packages
2025-02-01T13:51:35.575368+00:00 DEBUG 'ansible_navigator.main' psutil==5.8.0 /usr/lib64/python3.9/site-packages
2025-02-01T13:51:35.575387+00:00 DEBUG 'ansible_navigator.main' ptyprocess==0.6.0 /usr/lib/python3.9/site-packages
2025-02-01T13:51:35.575405+00:00 DEBUG 'ansible_navigator.main' pycairo==1.20.0 /usr/lib64/python3.9/site-packages
2025-02-01T13:51:35.575424+00:00 DEBUG 'ansible_navigator.main' pycparser==2.21 /usr/lib/python3.9/site-packages
2025-02-01T13:51:35.575442+00:00 DEBUG 'ansible_navigator.main' pycups==2.0.1 /usr/lib64/python3.9/site-packages
2025-02-01T13:51:35.575461+00:00 DEBUG 'ansible_navigator.main' pycurl==7.43.0.6 /usr/lib64/python3.9/site-packages
2025-02-01T13:51:35.575479+00:00 DEBUG 'ansible_navigator.main' pyenchant==3.2.0 /usr/lib/python3.9/site-packages
2025-02-01T13:51:35.575498+00:00 DEBUG 'ansible_navigator.main' pygobject==3.40.1 /usr/lib64/python3.9/site-packages
2025-02-01T13:51:35.575516+00:00 DEBUG 'ansible_navigator.main' pyinotify==0.9.6 /usr/lib/python3.9/site-packages
2025-02-01T13:51:35.575535+00:00 DEBUG 'ansible_navigator.main' pyopenssl==19.1.0 /usr/lib/python3.9/site-packages
2025-02-01T13:51:35.575553+00:00 DEBUG 'ansible_navigator.main' pyparsing==2.4.7 /usr/lib/python3.9/site-packages
2025-02-01T13:51:35.575572+00:00 DEBUG 'ansible_navigator.main' pyrsistent==0.17.3 /usr/lib64/python3.9/site-packages
2025-02-01T13:51:35.575590+00:00 DEBUG 'ansible_navigator.main' pyserial==3.4 /usr/lib/python3.9/site-packages
2025-02-01T13:51:35.575608+00:00 DEBUG 'ansible_navigator.main' pysocks==1.7.1 /usr/lib/python3.9/site-packages
2025-02-01T13:51:35.575627+00:00 DEBUG 'ansible_navigator.main' python-daemon==2.3.0 /usr/lib/python3.9/site-packages
2025-02-01T13:51:35.575645+00:00 DEBUG 'ansible_navigator.main' python-dateutil==2.8.1 /usr/lib/python3.9/site-packages
2025-02-01T13:51:35.575663+00:00 DEBUG 'ansible_navigator.main' python-dmidecode==3.12.2 /usr/lib64/python3.9/site-packages
2025-02-01T13:51:35.575682+00:00 DEBUG 'ansible_navigator.main' python-linux-procfs==0.7.0 /usr/lib/python3.9/site-packages
2025-02-01T13:51:35.575700+00:00 DEBUG 'ansible_navigator.main' pytz==2021.3 /usr/lib/python3.9/site-packages
2025-02-01T13:51:35.575719+00:00 DEBUG 'ansible_navigator.main' pyudev==0.22.0 /usr/lib/python3.9/site-packages
2025-02-01T13:51:35.575749+00:00 DEBUG 'ansible_navigator.main' pyxdg==0.27 /usr/lib/python3.9/site-packages
2025-02-01T13:51:35.575768+00:00 DEBUG 'ansible_navigator.main' pyyaml==5.4.1 /usr/lib64/python3.9/site-packages
2025-02-01T13:51:35.575799+00:00 DEBUG 'ansible_navigator.main' requests==2.27.1 /usr/lib/python3.9/site-packages
2025-02-01T13:51:35.575817+00:00 DEBUG 'ansible_navigator.main' requirements-parser==0.2.0 /usr/lib/python3.9/site-packages
2025-02-01T13:51:35.575854+00:00 DEBUG 'ansible_navigator.main' resolvelib==0.5.4 /usr/lib/python3.9/site-packages
2025-02-01T13:51:35.575872+00:00 DEBUG 'ansible_navigator.main' rpm==4.16.1.3 /usr/lib64/python3.9/site-packages
2025-02-01T13:51:35.575916+00:00 DEBUG 'ansible_navigator.main' selinux==3.3 /usr/lib64/python3.9/site-packages
2025-02-01T13:51:35.575948+00:00 DEBUG 'ansible_navigator.main' sepolicy==3.3 /usr/lib/python3.9/site-packages
2025-02-01T13:51:35.575973+00:00 DEBUG 'ansible_navigator.main' setools==4.4.0 /usr/lib64/python3.9/site-packages
2025-02-01T13:51:35.575999+00:00 DEBUG 'ansible_navigator.main' setroubleshoot==1.1 /usr/lib/python3.9/site-packages
2025-02-01T13:51:35.576025+00:00 DEBUG 'ansible_navigator.main' setuptools==53.0.0 /usr/lib/python3.9/site-packages
2025-02-01T13:51:35.576049+00:00 DEBUG 'ansible_navigator.main' six==1.16.0 /usr/lib/python3.9/site-packages
2025-02-01T13:51:35.576075+00:00 DEBUG 'ansible_navigator.main' sos==4.2 /usr/lib/python3.9/site-packages
2025-02-01T13:51:35.576113+00:00 DEBUG 'ansible_navigator.main' subscription-manager==1.29.26 /usr/lib64/python3.9/site-packages
2025-02-01T13:51:35.576133+00:00 DEBUG 'ansible_navigator.main' systemd-python==234 /usr/lib64/python3.9/site-packages
2025-02-01T13:51:35.576150+00:00 DEBUG 'ansible_navigator.main' urllib3==1.26.8 /usr/lib/python3.9/site-packages
2025-02-01T13:51:35.576168+00:00 DEBUG 'ansible_navigator.main' virtualenv==20.14.1 /usr/local/lib/python3.9/site-packages
2025-02-01T13:51:35.576186+00:00 DEBUG 'ansible_navigator.main' Share directory '/usr/lib/python3.9/share/ansible_navigator' not found (development path)
2025-02-01T13:51:35.576204+00:00 DEBUG 'ansible_navigator.main' Share directory '/home/student/.local/share/ansible_navigator' not found (userbase)
2025-02-01T13:51:35.576221+00:00 DEBUG 'ansible_navigator.main' Share directory '/usr/share/ansible_navigator' found (sys.prefix)
2025-02-01T13:51:35.576239+00:00 DEBUG 'ansible_navigator.main' Default collection_doc_cache_path set to: /home/student/.cache/ansible-navigator/collection_doc_cache.db
2025-02-01T13:51:35.576257+00:00 DEBUG 'ansible_navigator.main' EDITOR environment variable not set
2025-02-01T13:51:35.576274+00:00 DEBUG 'ansible_navigator.main' Default editor_command set to: vi +{line_number} {filename}
2025-02-01T13:51:35.576292+00:00 DEBUG 'ansible_navigator.main' No config file set by ANSIBLE_NAVIGATOR_CONFIG
2025-02-01T13:51:35.576327+00:00 DEBUG 'ansible_navigator.main' Looking in /home/student
2025-02-01T13:51:35.576346+00:00 DEBUG 'ansible_navigator.main' Looking for '/home/student/.ansible-navigator.yml', '/home/student/.ansible-navigator.yaml' and '/home/student/.ansible-navigator.json'
2025-02-01T13:51:35.576365+00:00 DEBUG 'ansible_navigator.main' Found 1: '/home/student/.ansible-navigator.yml'
2025-02-01T13:51:35.576384+00:00 DEBUG 'ansible_navigator.main' Looking in /home/student/role-galaxy
2025-02-01T13:51:35.576402+00:00 DEBUG 'ansible_navigator.main' Looking for '/home/student/role-galaxy/ansible-navigator.yml', '/home/student/role-galaxy/ansible-navigator.yaml' and '/home/student/role-galaxy/ansible-navigator.json'
2025-02-01T13:51:35.576425+00:00 DEBUG 'ansible_navigator.main' Found 1: '/home/student/role-galaxy/ansible-navigator.yml'
2025-02-01T13:51:35.576444+00:00 DEBUG 'ansible_navigator.main' All found 2: '/home/student/.ansible-navigator.yml' and '/home/student/role-galaxy/ansible-navigator.yml'
2025-02-01T13:51:35.576463+00:00 DEBUG 'ansible_navigator.main' Using: /home/student/role-galaxy/ansible-navigator.yml
2025-02-01T13:51:35.576491+00:00 DEBUG 'ansible_navigator.main' Using settings file at /home/student/role-galaxy/ansible-navigator.yml in search path
2025-02-01T13:51:35.576511+00:00 DEBUG 'ansible_navigator.main' Command provided: 'run -m use-bash_env-role.yml --syntax'
2025-02-01T13:51:35.576530+00:00 DEBUG 'ansible_navigator.main' ansible-navigator.ansible-runner.artifact-dir not found in settings file
2025-02-01T13:51:35.576549+00:00 DEBUG 'ansible_navigator.main' ansible-navigator.ansible-runner.rotate-artifacts-count not found in settings file
2025-02-01T13:51:35.576568+00:00 DEBUG 'ansible_navigator.main' ansible-navigator.ansible-runner.timeout not found in settings file
2025-02-01T13:51:35.576586+00:00 DEBUG 'ansible_navigator.main' ansible-navigator.app not found in settings file
2025-02-01T13:51:35.576605+00:00 DEBUG 'ansible_navigator.main' ansible-navigator.ansible.cmdline not found in settings file
2025-02-01T13:51:35.576624+00:00 DEBUG 'ansible_navigator.main' ansible-navigator.collection-doc-cache-path not found in settings file
2025-02-01T13:51:35.576642+00:00 DEBUG 'ansible_navigator.main' ansible-navigator.ansible.config.path not found in settings file
2025-02-01T13:51:35.576661+00:00 DEBUG 'ansible_navigator.main' ansible-navigator.execution-environment.container-engine not found in settings file
2025-02-01T13:51:35.576679+00:00 DEBUG 'ansible_navigator.main' ansible-navigator.execution-environment.container-options not found in settings file
2025-02-01T13:51:35.576698+00:00 DEBUG 'ansible_navigator.main' ansible-navigator.color.enable not found in settings file
2025-02-01T13:51:35.576716+00:00 DEBUG 'ansible_navigator.main' ansible-navigator.editor.command not found in settings file
2025-02-01T13:51:35.576735+00:00 DEBUG 'ansible_navigator.main' ansible-navigator.editor.console not found in settings file
2025-02-01T13:51:35.576753+00:00 DEBUG 'ansible_navigator.main' ansible-navigator.exec.command not found in settings file
2025-02-01T13:51:35.576772+00:00 DEBUG 'ansible_navigator.main' ansible-navigator.exec.shell not found in settings file
2025-02-01T13:51:35.576790+00:00 DEBUG 'ansible_navigator.main' ansible-navigator.execution-environment.enabled not found in settings file
2025-02-01T13:51:35.576809+00:00 DEBUG 'ansible_navigator.main' ansible-navigator.execution-environment.volume-mounts not found in settings file
2025-02-01T13:51:35.576827+00:00 DEBUG 'ansible_navigator.main' ansible-navigator.ansible-builder.help not found in settings file
2025-02-01T13:51:35.576846+00:00 DEBUG 'ansible_navigator.main' ansible-navigator.ansible.config.help not found in settings file
2025-02-01T13:51:35.576864+00:00 DEBUG 'ansible_navigator.main' ansible-navigator.ansible.doc.help not found in settings file
2025-02-01T13:51:35.576883+00:00 DEBUG 'ansible_navigator.main' ansible-navigator.ansible.inventory.help not found in settings file
2025-02-01T13:51:35.576917+00:00 DEBUG 'ansible_navigator.main' ansible-navigator.ansible.playbook.help not found in settings file
2025-02-01T13:51:35.576944+00:00 DEBUG 'ansible_navigator.main' ansible-navigator.images.details not found in settings file
2025-02-01T13:51:35.576985+00:00 DEBUG 'ansible_navigator.main' ansible-navigator.ansible.inventory.entries not found in settings file
2025-02-01T13:51:35.577018+00:00 DEBUG 'ansible_navigator.main' ansible-navigator.inventory-columns not found in settings file
2025-02-01T13:51:35.577045+00:00 DEBUG 'ansible_navigator.main' ansible-navigator.ansible-lint.config not found in settings file
2025-02-01T13:51:35.577072+00:00 DEBUG 'ansible_navigator.main' ansible-navigator.ansible-lint.lintables not found in settings file
2025-02-01T13:51:35.577156+00:00 DEBUG 'ansible_navigator.main' ansible-navigator.logging.append not found in settings file
2025-02-01T13:51:35.577184+00:00 DEBUG 'ansible_navigator.main' ansible-navigator.logging.file not found in settings file
2025-02-01T13:51:35.577210+00:00 DEBUG 'ansible_navigator.main' ansible-navigator.logging.level not found in settings file
2025-02-01T13:51:35.577229+00:00 DEBUG 'ansible_navigator.main' ansible-navigator.mode not found in settings file
2025-02-01T13:51:35.577258+00:00 DEBUG 'ansible_navigator.main' ansible-navigator.color.osc4 not found in settings file
2025-02-01T13:51:35.577277+00:00 DEBUG 'ansible_navigator.main' ansible-navigator.execution-environment.environment-variables.pass not found in settings file
2025-02-01T13:51:35.577297+00:00 DEBUG 'ansible_navigator.main' ansible-navigator.ansible.playbook.path not found in settings file
2025-02-01T13:51:35.577315+00:00 DEBUG 'ansible_navigator.main' ansible-navigator.playbook-artifact.replay not found in settings file
2025-02-01T13:51:35.577334+00:00 DEBUG 'ansible_navigator.main' ansible-navigator.playbook-artifact.save-as not found in settings file
2025-02-01T13:51:35.577353+00:00 DEBUG 'ansible_navigator.main' ansible-navigator.ansible.doc.plugin.name not found in settings file
2025-02-01T13:51:35.577372+00:00 DEBUG 'ansible_navigator.main' ansible-navigator.ansible.doc.plugin.type not found in settings file
2025-02-01T13:51:35.577391+00:00 DEBUG 'ansible_navigator.main' ansible-navigator.execution-environment.pull.arguments not found in settings file
2025-02-01T13:51:35.577409+00:00 DEBUG 'ansible_navigator.main' ansible-navigator.execution-environment.environment-variables.set not found in settings file
2025-02-01T13:51:35.577428+00:00 DEBUG 'ansible_navigator.main' ansible-navigator.settings.effective not found in settings file
2025-02-01T13:51:35.577447+00:00 DEBUG 'ansible_navigator.main' ansible-navigator.settings.sample not found in settings file
2025-02-01T13:51:35.577466+00:00 DEBUG 'ansible_navigator.main' ansible-navigator.settings.schema not found in settings file
2025-02-01T13:51:35.577485+00:00 DEBUG 'ansible_navigator.main' ansible-navigator.settings.sources not found in settings file
2025-02-01T13:51:35.577503+00:00 DEBUG 'ansible_navigator.main' ansible-navigator.time-zone not found in settings file
2025-02-01T13:51:35.577522+00:00 DEBUG 'ansible_navigator.main' ansible-navigator.ansible-builder.workdir not found in settings file
2025-02-01T13:51:35.577540+00:00 DEBUG 'ansible_navigator.main' EE support enabled: using current working directory for 'ansible.cfg'
2025-02-01T13:51:35.577559+00:00 INFO 'ansible_navigator.main' EE support enabled: found 'ansible.cfg' in current working directory.
2025-02-01T13:51:35.577578+00:00 DEBUG 'ansible_navigator.main' Completed post processing for ansible_runner_artifact_dir. (changed=False)
2025-02-01T13:51:35.577596+00:00 DEBUG 'ansible_navigator.main' Completed post processing for ansible_runner_rotate_artifacts_count. (changed=False)
2025-02-01T13:51:35.577615+00:00 DEBUG 'ansible_navigator.main' Completed post processing for ansible_runner_timeout. (changed=False)
2025-02-01T13:51:35.577634+00:00 DEBUG 'ansible_navigator.main' Completed post processing for cmdline. (changed=False)
2025-02-01T13:51:35.577652+00:00 DEBUG 'ansible_navigator.main' Completed post processing for collection_doc_cache_path. (changed=False)
2025-02-01T13:51:35.577671+00:00 DEBUG 'ansible_navigator.main' Completed post processing for container_engine. (changed=True)
2025-02-01T13:51:35.577690+00:00 DEBUG 'ansible_navigator.main'  before: 'auto'
2025-02-01T13:51:35.577708+00:00 DEBUG 'ansible_navigator.main'  after: 'podman'
2025-02-01T13:51:35.577727+00:00 DEBUG 'ansible_navigator.main' Completed post processing for container_options. (changed=False)
2025-02-01T13:51:35.577746+00:00 DEBUG 'ansible_navigator.main' Completed post processing for display_color. (changed=False)
2025-02-01T13:51:35.577764+00:00 DEBUG 'ansible_navigator.main' Completed post processing for execution_environment. (changed=False)
2025-02-01T13:51:35.577783+00:00 DEBUG 'ansible_navigator.main' Completed post processing for execution_environment_image. (changed=False)
2025-02-01T13:51:35.577801+00:00 DEBUG 'ansible_navigator.main' Completed post processing for help_builder. (changed=False)
2025-02-01T13:51:35.577820+00:00 DEBUG 'ansible_navigator.main' Completed post processing for help_config. (changed=False)
2025-02-01T13:51:35.577839+00:00 DEBUG 'ansible_navigator.main' Completed post processing for help_doc. (changed=False)
2025-02-01T13:51:35.577867+00:00 DEBUG 'ansible_navigator.main' Completed post processing for help_inventory. (changed=False)
2025-02-01T13:51:35.577895+00:00 DEBUG 'ansible_navigator.main' Completed post processing for help_playbook. (changed=False)
2025-02-01T13:51:35.577923+00:00 DEBUG 'ansible_navigator.main' Completed post processing for images_details. (changed=False)
2025-02-01T13:51:35.577961+00:00 DEBUG 'ansible_navigator.main' Completed post processing for inventory. (changed=True)
2025-02-01T13:51:35.577988+00:00 DEBUG 'ansible_navigator.main'  before: 'Not set'
2025-02-01T13:51:35.578014+00:00 DEBUG 'ansible_navigator.main'  after: '['/home/student/role-galaxy/inventory']'
2025-02-01T13:51:35.578042+00:00 DEBUG 'ansible_navigator.main' Completed post processing for inventory_column. (changed=False)
2025-02-01T13:51:35.578068+00:00 DEBUG 'ansible_navigator.main' Completed post processing for log_file. (changed=False)
2025-02-01T13:51:35.578108+00:00 DEBUG 'ansible_navigator.main' Completed post processing for pass_environment_variable. (changed=False)
2025-02-01T13:51:35.578143+00:00 DEBUG 'ansible_navigator.main' Completed post processing for playbook. (changed=False)
2025-02-01T13:51:35.578187+00:00 DEBUG 'ansible_navigator.main' Completed post processing for playbook_artifact_replay. (changed=False)
2025-02-01T13:51:35.578212+00:00 DEBUG 'ansible_navigator.main' Completed post processing for playbook_artifact_save_as. (changed=False)
2025-02-01T13:51:35.578233+00:00 DEBUG 'ansible_navigator.main' Completed post processing for plugin_name. (changed=False)
2025-02-01T13:51:35.578252+00:00 DEBUG 'ansible_navigator.main' Completed post processing for pull_arguments. (changed=False)
2025-02-01T13:51:35.578272+00:00 DEBUG 'ansible_navigator.main' Completed post processing for set_environment_variable. (changed=False)
2025-02-01T13:51:35.578291+00:00 DEBUG 'ansible_navigator.main' Completed post processing for settings_effective. (changed=False)
2025-02-01T13:51:35.578311+00:00 DEBUG 'ansible_navigator.main' Completed post processing for settings_sample. (changed=False)
2025-02-01T13:51:35.578330+00:00 DEBUG 'ansible_navigator.main' Completed post processing for settings_schema. (changed=False)
2025-02-01T13:51:35.578350+00:00 DEBUG 'ansible_navigator.main' Completed post processing for settings_sources. (changed=False)
2025-02-01T13:51:35.578370+00:00 DEBUG 'ansible_navigator.main' Completed post processing for time_zone. (changed=False)
2025-02-01T13:51:35.578389+00:00 DEBUG 'ansible_navigator.main' Completed post processing for execution_environment_volume_mounts. (changed=False)
2025-02-01T13:51:35.578408+00:00 DEBUG 'ansible_navigator.main' Completed post processing for mode. (changed=False)
2025-02-01T13:51:35.578432+00:00 WARNING 'ansible_navigator.main' Configuration errors encountered, rolling back to previous configuration.
2025-02-01T13:51:35.578452+00:00 DEBUG 'ansible_navigator.main' Prior to rollback: ansible_runner_artifact_dir = 'Not set' (Constants/Not set)
2025-02-01T13:51:35.578472+00:00 DEBUG 'ansible_navigator.main' Prior to rollback: ansible_runner_rotate_artifacts_count = 'Not set' (Constants/Not set)
2025-02-01T13:51:35.578491+00:00 DEBUG 'ansible_navigator.main' Prior to rollback: ansible_runner_timeout = 'Not set' (Constants/Not set)
2025-02-01T13:51:35.578511+00:00 DEBUG 'ansible_navigator.main' Prior to rollback: app = 'run' (str/Command line)
2025-02-01T13:51:35.578530+00:00 DEBUG 'ansible_navigator.main' Prior to rollback: cmdline = '['--syntax']' (list/Command line)
2025-02-01T13:51:35.578550+00:00 DEBUG 'ansible_navigator.main' Prior to rollback: collection_doc_cache_path = '/home/student/.cache/ansible-navigator/collection_doc_cache.db' (str/Defaults)
2025-02-01T13:51:35.578570+00:00 DEBUG 'ansible_navigator.main' Prior to rollback: config = 'Not set' (Constants/Not set)
2025-02-01T13:51:35.578589+00:00 DEBUG 'ansible_navigator.main' Prior to rollback: container_engine = 'podman' (str/Automatically determined)
2025-02-01T13:51:35.578619+00:00 DEBUG 'ansible_navigator.main' Prior to rollback: container_options = 'Not set' (Constants/Not set)
2025-02-01T13:51:35.578640+00:00 DEBUG 'ansible_navigator.main' Prior to rollback: display_color = 'True' (bool/Defaults)
2025-02-01T13:51:35.578660+00:00 DEBUG 'ansible_navigator.main' Prior to rollback: editor_command = 'vi +{line_number} {filename}' (str/Defaults)
2025-02-01T13:51:35.578680+00:00 DEBUG 'ansible_navigator.main' Prior to rollback: editor_console = 'True' (bool/Defaults)
2025-02-01T13:51:35.578699+00:00 DEBUG 'ansible_navigator.main' Prior to rollback: exec_command = '/bin/bash' (str/Defaults)
2025-02-01T13:51:35.578718+00:00 DEBUG 'ansible_navigator.main' Prior to rollback: exec_shell = 'True' (bool/Defaults)
2025-02-01T13:51:35.578738+00:00 DEBUG 'ansible_navigator.main' Prior to rollback: execution_environment = 'True' (bool/Defaults)
2025-02-01T13:51:35.578757+00:00 DEBUG 'ansible_navigator.main' Prior to rollback: execution_environment_image = 'utility.lab.example.com/ee-supported-rhel8:latest' (str/Settings file)
2025-02-01T13:51:35.578777+00:00 DEBUG 'ansible_navigator.main' Prior to rollback: execution_environment_volume_mounts = 'Not set' (Constants/Not set)
2025-02-01T13:51:35.578796+00:00 DEBUG 'ansible_navigator.main' Prior to rollback: help_builder = 'False' (bool/Defaults)
2025-02-01T13:51:35.578816+00:00 DEBUG 'ansible_navigator.main' Prior to rollback: help_config = 'False' (bool/Defaults)
2025-02-01T13:51:35.578835+00:00 DEBUG 'ansible_navigator.main' Prior to rollback: help_doc = 'False' (bool/Defaults)
2025-02-01T13:51:35.578855+00:00 DEBUG 'ansible_navigator.main' Prior to rollback: help_inventory = 'False' (bool/Defaults)
2025-02-01T13:51:35.578874+00:00 DEBUG 'ansible_navigator.main' Prior to rollback: help_playbook = 'False' (bool/Defaults)
2025-02-01T13:51:35.578911+00:00 DEBUG 'ansible_navigator.main' Prior to rollback: images_details = '['everything']' (list/Defaults)
2025-02-01T13:51:35.578941+00:00 DEBUG 'ansible_navigator.main' Prior to rollback: inventory = '['/home/student/role-galaxy/inventory']' (list/Ansible configuration file)
2025-02-01T13:51:35.578970+00:00 DEBUG 'ansible_navigator.main' Prior to rollback: inventory_column = 'Not set' (Constants/Not set)
2025-02-01T13:51:35.578999+00:00 DEBUG 'ansible_navigator.main' Prior to rollback: lint_config = 'Not set' (Constants/Not set)
2025-02-01T13:51:35.579028+00:00 DEBUG 'ansible_navigator.main' Prior to rollback: lintables = 'Not set' (Constants/Not set)
2025-02-01T13:51:35.579057+00:00 DEBUG 'ansible_navigator.main' Prior to rollback: log_append = 'True' (bool/Defaults)
2025-02-01T13:51:35.579096+00:00 DEBUG 'ansible_navigator.main' Prior to rollback: log_file = '/home/student/role-galaxy/ansible-navigator.log' (str/Defaults)
2025-02-01T13:51:35.579131+00:00 DEBUG 'ansible_navigator.main' Prior to rollback: log_level = 'warning' (str/Defaults)
2025-02-01T13:51:35.579155+00:00 DEBUG 'ansible_navigator.main' Prior to rollback: mode = 'use-bash_env-role.yml' (str/Command line)
2025-02-01T13:51:35.579175+00:00 DEBUG 'ansible_navigator.main' Prior to rollback: osc4 = 'True' (bool/Defaults)
2025-02-01T13:51:35.579194+00:00 DEBUG 'ansible_navigator.main' Prior to rollback: pass_environment_variable = 'Not set' (Constants/Not set)
2025-02-01T13:51:35.579214+00:00 DEBUG 'ansible_navigator.main' Prior to rollback: playbook = 'Not set' (Constants/Not set)
2025-02-01T13:51:35.579234+00:00 DEBUG 'ansible_navigator.main' Prior to rollback: playbook_artifact_enable = 'False' (bool/Settings file)
2025-02-01T13:51:35.579253+00:00 DEBUG 'ansible_navigator.main' Prior to rollback: playbook_artifact_replay = 'Not set' (Constants/Not set)
2025-02-01T13:51:35.579273+00:00 DEBUG 'ansible_navigator.main' Prior to rollback: playbook_artifact_save_as = '{playbook_dir}/{playbook_name}-artifact-{time_stamp}.json' (str/Defaults)
2025-02-01T13:51:35.579293+00:00 DEBUG 'ansible_navigator.main' Prior to rollback: plugin_name = 'Not set' (Constants/Not set)
2025-02-01T13:51:35.579312+00:00 DEBUG 'ansible_navigator.main' Prior to rollback: plugin_type = 'module' (str/Defaults)
2025-02-01T13:51:35.579354+00:00 DEBUG 'ansible_navigator.main' Prior to rollback: pull_arguments = 'Not set' (Constants/Not set)
2025-02-01T13:51:35.579374+00:00 DEBUG 'ansible_navigator.main' Prior to rollback: pull_policy = 'missing' (str/Settings file)
2025-02-01T13:51:35.579392+00:00 DEBUG 'ansible_navigator.main' Prior to rollback: set_environment_variable = 'Not set' (Constants/Not set)
2025-02-01T13:51:35.579410+00:00 DEBUG 'ansible_navigator.main' Prior to rollback: settings_effective = 'False' (bool/Defaults)
2025-02-01T13:51:35.579429+00:00 DEBUG 'ansible_navigator.main' Prior to rollback: settings_sample = 'False' (bool/Defaults)
2025-02-01T13:51:35.579447+00:00 DEBUG 'ansible_navigator.main' Prior to rollback: settings_schema = 'json' (str/Defaults)
2025-02-01T13:51:35.579466+00:00 DEBUG 'ansible_navigator.main' Prior to rollback: settings_sources = 'False' (bool/Defaults)
2025-02-01T13:51:35.579484+00:00 DEBUG 'ansible_navigator.main' Prior to rollback: time_zone = 'UTC' (str/Defaults)
2025-02-01T13:51:35.579502+00:00 DEBUG 'ansible_navigator.main' Prior to rollback: workdir = '/home/student/role-galaxy' (str/Defaults)
2025-02-01T13:51:35.579521+00:00 DEBUG 'ansible_navigator.main' After rollback: ansible_runner_artifact_dir = 'Not set' (Constants/Not set)
2025-02-01T13:51:35.579551+00:00 DEBUG 'ansible_navigator.main' After rollback: ansible_runner_rotate_artifacts_count = 'Not set' (Constants/Not set)
2025-02-01T13:51:35.579568+00:00 DEBUG 'ansible_navigator.main' After rollback: ansible_runner_timeout = 'Not set' (Constants/Not set)
2025-02-01T13:51:35.579586+00:00 DEBUG 'ansible_navigator.main' After rollback: app = 'Not set' (Constants/Not set)
2025-02-01T13:51:35.579603+00:00 DEBUG 'ansible_navigator.main' After rollback: cmdline = 'Not set' (Constants/Not set)
2025-02-01T13:51:35.579620+00:00 DEBUG 'ansible_navigator.main' After rollback: collection_doc_cache_path = 'Not set' (Constants/Not set)
2025-02-01T13:51:35.579638+00:00 DEBUG 'ansible_navigator.main' After rollback: config = 'Not set' (Constants/Not set)
2025-02-01T13:51:35.579655+00:00 DEBUG 'ansible_navigator.main' After rollback: container_engine = 'Not set' (Constants/Not set)
2025-02-01T13:51:35.579672+00:00 DEBUG 'ansible_navigator.main' After rollback: container_options = 'Not set' (Constants/Not set)
2025-02-01T13:51:35.579690+00:00 DEBUG 'ansible_navigator.main' After rollback: display_color = 'Not set' (Constants/Not set)
2025-02-01T13:51:35.579707+00:00 DEBUG 'ansible_navigator.main' After rollback: editor_command = 'Not set' (Constants/Not set)
2025-02-01T13:51:35.579724+00:00 DEBUG 'ansible_navigator.main' After rollback: editor_console = 'Not set' (Constants/Not set)
2025-02-01T13:51:35.579741+00:00 DEBUG 'ansible_navigator.main' After rollback: exec_command = 'Not set' (Constants/Not set)
2025-02-01T13:51:35.579759+00:00 DEBUG 'ansible_navigator.main' After rollback: exec_shell = 'Not set' (Constants/Not set)
2025-02-01T13:51:35.579776+00:00 DEBUG 'ansible_navigator.main' After rollback: execution_environment = 'Not set' (Constants/Not set)
2025-02-01T13:51:35.579793+00:00 DEBUG 'ansible_navigator.main' After rollback: execution_environment_image = 'Not set' (Constants/Not set)
2025-02-01T13:51:35.579810+00:00 DEBUG 'ansible_navigator.main' After rollback: execution_environment_volume_mounts = 'Not set' (Constants/Not set)
2025-02-01T13:51:35.579828+00:00 DEBUG 'ansible_navigator.main' After rollback: help_builder = 'Not set' (Constants/Not set)
2025-02-01T13:51:35.579845+00:00 DEBUG 'ansible_navigator.main' After rollback: help_config = 'Not set' (Constants/Not set)
2025-02-01T13:51:35.579862+00:00 DEBUG 'ansible_navigator.main' After rollback: help_doc = 'Not set' (Constants/Not set)
2025-02-01T13:51:35.579879+00:00 DEBUG 'ansible_navigator.main' After rollback: help_inventory = 'Not set' (Constants/Not set)
2025-02-01T13:51:35.579927+00:00 DEBUG 'ansible_navigator.main' After rollback: help_playbook = 'Not set' (Constants/Not set)
2025-02-01T13:51:35.579963+00:00 DEBUG 'ansible_navigator.main' After rollback: images_details = 'Not set' (Constants/Not set)
2025-02-01T13:51:35.579993+00:00 DEBUG 'ansible_navigator.main' After rollback: inventory = 'Not set' (Constants/Not set)
2025-02-01T13:51:35.580020+00:00 DEBUG 'ansible_navigator.main' After rollback: inventory_column = 'Not set' (Constants/Not set)
2025-02-01T13:51:35.580048+00:00 DEBUG 'ansible_navigator.main' After rollback: lint_config = 'Not set' (Constants/Not set)
2025-02-01T13:51:35.580075+00:00 DEBUG 'ansible_navigator.main' After rollback: lintables = 'Not set' (Constants/Not set)
2025-02-01T13:51:35.580110+00:00 DEBUG 'ansible_navigator.main' After rollback: log_append = 'Not set' (Constants/Not set)
2025-02-01T13:51:35.580129+00:00 DEBUG 'ansible_navigator.main' After rollback: log_file = 'Not set' (Constants/Not set)
2025-02-01T13:51:35.580148+00:00 DEBUG 'ansible_navigator.main' After rollback: log_level = 'Not set' (Constants/Not set)
2025-02-01T13:51:35.580165+00:00 DEBUG 'ansible_navigator.main' After rollback: mode = 'Not set' (Constants/Not set)
2025-02-01T13:51:35.580184+00:00 DEBUG 'ansible_navigator.main' After rollback: osc4 = 'Not set' (Constants/Not set)
2025-02-01T13:51:35.580202+00:00 DEBUG 'ansible_navigator.main' After rollback: pass_environment_variable = 'Not set' (Constants/Not set)
2025-02-01T13:51:35.580220+00:00 DEBUG 'ansible_navigator.main' After rollback: playbook = 'Not set' (Constants/Not set)
2025-02-01T13:51:35.580239+00:00 DEBUG 'ansible_navigator.main' After rollback: playbook_artifact_enable = 'Not set' (Constants/Not set)
2025-02-01T13:51:35.580257+00:00 DEBUG 'ansible_navigator.main' After rollback: playbook_artifact_replay = 'Not set' (Constants/Not set)
2025-02-01T13:51:35.580276+00:00 DEBUG 'ansible_navigator.main' After rollback: playbook_artifact_save_as = 'Not set' (Constants/Not set)
2025-02-01T13:51:35.580294+00:00 DEBUG 'ansible_navigator.main' After rollback: plugin_name = 'Not set' (Constants/Not set)
2025-02-01T13:51:35.580312+00:00 DEBUG 'ansible_navigator.main' After rollback: plugin_type = 'Not set' (Constants/Not set)
2025-02-01T13:51:35.580330+00:00 DEBUG 'ansible_navigator.main' After rollback: pull_arguments = 'Not set' (Constants/Not set)
2025-02-01T13:51:35.580349+00:00 DEBUG 'ansible_navigator.main' After rollback: pull_policy = 'Not set' (Constants/Not set)
2025-02-01T13:51:35.580367+00:00 DEBUG 'ansible_navigator.main' After rollback: set_environment_variable = 'Not set' (Constants/Not set)
2025-02-01T13:51:35.580385+00:00 DEBUG 'ansible_navigator.main' After rollback: settings_effective = 'Not set' (Constants/Not set)
2025-02-01T13:51:35.580403+00:00 DEBUG 'ansible_navigator.main' After rollback: settings_sample = 'Not set' (Constants/Not set)
2025-02-01T13:51:35.580421+00:00 DEBUG 'ansible_navigator.main' After rollback: settings_schema = 'Not set' (Constants/Not set)
2025-02-01T13:51:35.580439+00:00 DEBUG 'ansible_navigator.main' After rollback: settings_sources = 'Not set' (Constants/Not set)
2025-02-01T13:51:35.580457+00:00 DEBUG 'ansible_navigator.main' After rollback: time_zone = 'Not set' (Constants/Not set)
2025-02-01T13:51:35.580475+00:00 DEBUG 'ansible_navigator.main' After rollback: workdir = 'Not set' (Constants/Not set)
2025-02-01T13:51:35.580494+00:00 DEBUG 'ansible_navigator.main' Configuration rollback complete.
2025-02-01T13:51:35.580512+00:00 DEBUG 'ansible_navigator.main' Collection doc cache not mounted
2025-02-01T13:51:35.580541+00:00 WARNING 'ansible_navigator.main' Issues were found while applying the settings.
2025-02-01T13:51:35.580563+00:00 INFO 'ansible_navigator.main' Command provided: 'run -m use-bash_env-role.yml --syntax'
2025-02-01T13:51:35.580587+00:00 ERROR 'ansible_navigator.main' A playbook is required when using the run subcommand
2025-02-01T13:51:35.580609+00:00 INFO 'ansible_navigator.main' Try again with 'run <playbook name>'
2025-02-01T13:51:35.580630+00:00 ERROR 'ansible_navigator.main' The setting 'mode' must be one of 'stdout' or 'interactive', but set as 'use-bash_env-role.yml'. (Command line)
2025-02-01T13:51:35.580655+00:00 INFO 'ansible_navigator.main' Try again with '-m stdout' or '-m interactive'
2025-02-01T13:51:35.580676+00:00 INFO 'ansible_navigator.main' Configuration failed, using default log file location. (/home/student/role-galaxy/ansible-navigator.log) Log level set to debug
2025-02-01T13:51:35.580697+00:00 INFO 'ansible_navigator.main' Review the hints and log file to see what went wrong.
