2025-02-04 14:38:57,362 p=16 u=root n=ansible | {"/usr/share/ansible/collections/ansible_collections": {"amazon.aws": {"version": "3.2.0"}, "ansible.controller": {"version": "4.2.1"}, "ansible.netcommon": {"version": "3.0.0"}, "ansible.network": {"version": "1.2.0"}, "ansible.posix": {"version": "1.3.0"}, "ansible.security": {"version": "1.0.0"}, "ansible.utils": {"version": "2.6.1"}, "ansible.windows": {"version": "1.9.0"}, "ansible.yang": {"version": "1.0.0"}, "arista.eos": {"version": "5.0.0"}, "cisco.asa": {"version": "3.0.0"}, "cisco.ios": {"version": "3.0.0"}, "cisco.iosxr": {"version": "3.0.0"}, "cisco.nxos": {"version": "3.0.0"}, "cloud.common": {"version": "2.1.1"}, "frr.frr": {"version": "2.0.0"}, "ibm.qradar": {"version": "2.0.0"}, "junipernetworks.junos": {"version": "3.0.0"}, "kubernetes.core": {"version": "2.2.3"}, "openvswitch.openvswitch": {"version": "2.1.0"}, "redhat.insights": {"version": "1.0.7"}, "redhat.openshift": {"version": "2.1.0"}, "redhat.rhv": {"version": "1.6.5"}, "redhat.satellite": {"version": "3.3.0"}, "servicenow.itsm": {"version": "1.3.3"}, "splunk.es": {"version": "2.0.0"}, "trendmicro.deepsec": {"version": "2.0.0"}, "vmware.vmware_rest": {"version": "2.1.5"}, "vyos.vyos": {"version": "3.0.0"}}}
2025-02-04 14:38:59,019 p=21 u=root n=ansible | ERROR! We were unable to read either as JSON nor YAML, these are the errors we got from each:
JSON: Expecting value: line 1 column 1 (char 0)

Syntax Error while loading YAML.
  mapping values are not allowed in this context

The error appears to be in '/home/student/troubleshoot-playbook/samba.yml': line 8, column 30, but may
be elsewhere in the file depending on the exact syntax problem.

The offending line appears to be:

    install_state: installed
    random_var: This is colon: test
                             ^ here

2025-02-04 14:40:18,395 p=16 u=root n=ansible | {"/usr/share/ansible/collections/ansible_collections": {"amazon.aws": {"version": "3.2.0"}, "ansible.controller": {"version": "4.2.1"}, "ansible.netcommon": {"version": "3.0.0"}, "ansible.network": {"version": "1.2.0"}, "ansible.posix": {"version": "1.3.0"}, "ansible.security": {"version": "1.0.0"}, "ansible.utils": {"version": "2.6.1"}, "ansible.windows": {"version": "1.9.0"}, "ansible.yang": {"version": "1.0.0"}, "arista.eos": {"version": "5.0.0"}, "cisco.asa": {"version": "3.0.0"}, "cisco.ios": {"version": "3.0.0"}, "cisco.iosxr": {"version": "3.0.0"}, "cisco.nxos": {"version": "3.0.0"}, "cloud.common": {"version": "2.1.1"}, "frr.frr": {"version": "2.0.0"}, "ibm.qradar": {"version": "2.0.0"}, "junipernetworks.junos": {"version": "3.0.0"}, "kubernetes.core": {"version": "2.2.3"}, "openvswitch.openvswitch": {"version": "2.1.0"}, "redhat.insights": {"version": "1.0.7"}, "redhat.openshift": {"version": "2.1.0"}, "redhat.rhv": {"version": "1.6.5"}, "redhat.satellite": {"version": "3.3.0"}, "servicenow.itsm": {"version": "1.3.3"}, "splunk.es": {"version": "2.0.0"}, "trendmicro.deepsec": {"version": "2.0.0"}, "vmware.vmware_rest": {"version": "2.1.5"}, "vyos.vyos": {"version": "3.0.0"}}}
2025-02-04 14:40:19,638 p=21 u=root n=ansible | ERROR! We were unable to read either as JSON nor YAML, these are the errors we got from each:
JSON: Expecting value: line 1 column 1 (char 0)

Syntax Error while loading YAML.
  did not find expected '-' indicator

The error appears to be in '/home/student/troubleshoot-playbook/samba.yml': line 38, column 6, but may
be elsewhere in the file depending on the exact syntax problem.

The offending line appears to be:


     - name: Deliver samba config
     ^ here

2025-02-04 14:42:33,971 p=16 u=root n=ansible | {"/usr/share/ansible/collections/ansible_collections": {"amazon.aws": {"version": "3.2.0"}, "ansible.controller": {"version": "4.2.1"}, "ansible.netcommon": {"version": "3.0.0"}, "ansible.network": {"version": "1.2.0"}, "ansible.posix": {"version": "1.3.0"}, "ansible.security": {"version": "1.0.0"}, "ansible.utils": {"version": "2.6.1"}, "ansible.windows": {"version": "1.9.0"}, "ansible.yang": {"version": "1.0.0"}, "arista.eos": {"version": "5.0.0"}, "cisco.asa": {"version": "3.0.0"}, "cisco.ios": {"version": "3.0.0"}, "cisco.iosxr": {"version": "3.0.0"}, "cisco.nxos": {"version": "3.0.0"}, "cloud.common": {"version": "2.1.1"}, "frr.frr": {"version": "2.0.0"}, "ibm.qradar": {"version": "2.0.0"}, "junipernetworks.junos": {"version": "3.0.0"}, "kubernetes.core": {"version": "2.2.3"}, "openvswitch.openvswitch": {"version": "2.1.0"}, "redhat.insights": {"version": "1.0.7"}, "redhat.openshift": {"version": "2.1.0"}, "redhat.rhv": {"version": "1.6.5"}, "redhat.satellite": {"version": "3.3.0"}, "servicenow.itsm": {"version": "1.3.3"}, "splunk.es": {"version": "2.0.0"}, "trendmicro.deepsec": {"version": "2.0.0"}, "vmware.vmware_rest": {"version": "2.1.5"}, "vyos.vyos": {"version": "3.0.0"}}}
2025-02-04 14:42:35,202 p=21 u=root n=ansible | ERROR! We were unable to read either as JSON nor YAML, these are the errors we got from each:
JSON: Expecting value: line 1 column 1 (char 0)

Syntax Error while loading YAML.
  did not find expected '-' indicator

The error appears to be in '/home/student/troubleshoot-playbook/samba.yml': line 38, column 6, but may
be elsewhere in the file depending on the exact syntax problem.

The offending line appears to be:


     - name: Deliver samba config
     ^ here

2025-02-04 14:44:37,705 p=16 u=root n=ansible | {"/usr/share/ansible/collections/ansible_collections": {"amazon.aws": {"version": "3.2.0"}, "ansible.controller": {"version": "4.2.1"}, "ansible.netcommon": {"version": "3.0.0"}, "ansible.network": {"version": "1.2.0"}, "ansible.posix": {"version": "1.3.0"}, "ansible.security": {"version": "1.0.0"}, "ansible.utils": {"version": "2.6.1"}, "ansible.windows": {"version": "1.9.0"}, "ansible.yang": {"version": "1.0.0"}, "arista.eos": {"version": "5.0.0"}, "cisco.asa": {"version": "3.0.0"}, "cisco.ios": {"version": "3.0.0"}, "cisco.iosxr": {"version": "3.0.0"}, "cisco.nxos": {"version": "3.0.0"}, "cloud.common": {"version": "2.1.1"}, "frr.frr": {"version": "2.0.0"}, "ibm.qradar": {"version": "2.0.0"}, "junipernetworks.junos": {"version": "3.0.0"}, "kubernetes.core": {"version": "2.2.3"}, "openvswitch.openvswitch": {"version": "2.1.0"}, "redhat.insights": {"version": "1.0.7"}, "redhat.openshift": {"version": "2.1.0"}, "redhat.rhv": {"version": "1.6.5"}, "redhat.satellite": {"version": "3.3.0"}, "servicenow.itsm": {"version": "1.3.3"}, "splunk.es": {"version": "2.0.0"}, "trendmicro.deepsec": {"version": "2.0.0"}, "vmware.vmware_rest": {"version": "2.1.5"}, "vyos.vyos": {"version": "3.0.0"}}}
2025-02-04 14:44:38,945 p=21 u=root n=ansible | ERROR! We were unable to read either as JSON nor YAML, these are the errors we got from each:
JSON: Expecting value: line 1 column 1 (char 0)

Syntax Error while loading YAML.
  did not find expected '-' indicator

The error appears to be in '/home/student/troubleshoot-playbook/samba.yml': line 38, column 6, but may
be elsewhere in the file depending on the exact syntax problem.

The offending line appears to be:


     - name: Deliver samba config
     ^ here

2025-02-04 14:45:12,815 p=16 u=root n=ansible | {"/usr/share/ansible/collections/ansible_collections": {"amazon.aws": {"version": "3.2.0"}, "ansible.controller": {"version": "4.2.1"}, "ansible.netcommon": {"version": "3.0.0"}, "ansible.network": {"version": "1.2.0"}, "ansible.posix": {"version": "1.3.0"}, "ansible.security": {"version": "1.0.0"}, "ansible.utils": {"version": "2.6.1"}, "ansible.windows": {"version": "1.9.0"}, "ansible.yang": {"version": "1.0.0"}, "arista.eos": {"version": "5.0.0"}, "cisco.asa": {"version": "3.0.0"}, "cisco.ios": {"version": "3.0.0"}, "cisco.iosxr": {"version": "3.0.0"}, "cisco.nxos": {"version": "3.0.0"}, "cloud.common": {"version": "2.1.1"}, "frr.frr": {"version": "2.0.0"}, "ibm.qradar": {"version": "2.0.0"}, "junipernetworks.junos": {"version": "3.0.0"}, "kubernetes.core": {"version": "2.2.3"}, "openvswitch.openvswitch": {"version": "2.1.0"}, "redhat.insights": {"version": "1.0.7"}, "redhat.openshift": {"version": "2.1.0"}, "redhat.rhv": {"version": "1.6.5"}, "redhat.satellite": {"version": "3.3.0"}, "servicenow.itsm": {"version": "1.3.3"}, "splunk.es": {"version": "2.0.0"}, "trendmicro.deepsec": {"version": "2.0.0"}, "vmware.vmware_rest": {"version": "2.1.5"}, "vyos.vyos": {"version": "3.0.0"}}}
2025-02-04 14:45:14,089 p=21 u=root n=ansible | ERROR! We were unable to read either as JSON nor YAML, these are the errors we got from each:
JSON: Expecting value: line 1 column 1 (char 0)

Syntax Error while loading YAML.
  found unacceptable key (unhashable type: 'AnsibleMapping')

The error appears to be in '/home/student/troubleshoot-playbook/samba.yml': line 14, column 17, but may
be elsewhere in the file depending on the exact syntax problem.

The offending line appears to be:

        name: samba
        state: {{ install_state }}
                ^ here
We could be wrong, but this one looks like it might be an issue with
missing quotes. Always quote template expression brackets when they
start a value. For instance:

    with_items:
      - {{ foo }}

Should be written as:

    with_items:
      - "{{ foo }}"

2025-02-04 14:45:44,992 p=16 u=root n=ansible | {"/usr/share/ansible/collections/ansible_collections": {"amazon.aws": {"version": "3.2.0"}, "ansible.controller": {"version": "4.2.1"}, "ansible.netcommon": {"version": "3.0.0"}, "ansible.network": {"version": "1.2.0"}, "ansible.posix": {"version": "1.3.0"}, "ansible.security": {"version": "1.0.0"}, "ansible.utils": {"version": "2.6.1"}, "ansible.windows": {"version": "1.9.0"}, "ansible.yang": {"version": "1.0.0"}, "arista.eos": {"version": "5.0.0"}, "cisco.asa": {"version": "3.0.0"}, "cisco.ios": {"version": "3.0.0"}, "cisco.iosxr": {"version": "3.0.0"}, "cisco.nxos": {"version": "3.0.0"}, "cloud.common": {"version": "2.1.1"}, "frr.frr": {"version": "2.0.0"}, "ibm.qradar": {"version": "2.0.0"}, "junipernetworks.junos": {"version": "3.0.0"}, "kubernetes.core": {"version": "2.2.3"}, "openvswitch.openvswitch": {"version": "2.1.0"}, "redhat.insights": {"version": "1.0.7"}, "redhat.openshift": {"version": "2.1.0"}, "redhat.rhv": {"version": "1.6.5"}, "redhat.satellite": {"version": "3.3.0"}, "servicenow.itsm": {"version": "1.3.3"}, "splunk.es": {"version": "2.0.0"}, "trendmicro.deepsec": {"version": "2.0.0"}, "vmware.vmware_rest": {"version": "2.1.5"}, "vyos.vyos": {"version": "3.0.0"}}}
2025-02-04 14:45:46,266 p=21 u=root n=ansible | playbook: /home/student/troubleshoot-playbook/samba.yml
2025-02-04 14:46:07,610 p=16 u=root n=ansible | {"/usr/share/ansible/collections/ansible_collections": {"amazon.aws": {"version": "3.2.0"}, "ansible.controller": {"version": "4.2.1"}, "ansible.netcommon": {"version": "3.0.0"}, "ansible.network": {"version": "1.2.0"}, "ansible.posix": {"version": "1.3.0"}, "ansible.security": {"version": "1.0.0"}, "ansible.utils": {"version": "2.6.1"}, "ansible.windows": {"version": "1.9.0"}, "ansible.yang": {"version": "1.0.0"}, "arista.eos": {"version": "5.0.0"}, "cisco.asa": {"version": "3.0.0"}, "cisco.ios": {"version": "3.0.0"}, "cisco.iosxr": {"version": "3.0.0"}, "cisco.nxos": {"version": "3.0.0"}, "cloud.common": {"version": "2.1.1"}, "frr.frr": {"version": "2.0.0"}, "ibm.qradar": {"version": "2.0.0"}, "junipernetworks.junos": {"version": "3.0.0"}, "kubernetes.core": {"version": "2.2.3"}, "openvswitch.openvswitch": {"version": "2.1.0"}, "redhat.insights": {"version": "1.0.7"}, "redhat.openshift": {"version": "2.1.0"}, "redhat.rhv": {"version": "1.6.5"}, "redhat.satellite": {"version": "3.3.0"}, "servicenow.itsm": {"version": "1.3.3"}, "splunk.es": {"version": "2.0.0"}, "trendmicro.deepsec": {"version": "2.0.0"}, "vmware.vmware_rest": {"version": "2.1.5"}, "vyos.vyos": {"version": "3.0.0"}}}
2025-02-04 14:46:08,858 p=21 u=root n=ansible | PLAY [Install a samba server] **************************************************
2025-02-04 14:46:08,882 p=21 u=root n=ansible | TASK [Gathering Facts] *********************************************************
2025-02-04 14:46:10,668 p=21 u=root n=ansible | ok: [servera.lab.example.com]
2025-02-04 14:46:10,690 p=21 u=root n=ansible | TASK [Install samba] ***********************************************************
2025-02-04 14:46:16,271 p=21 u=root n=ansible | changed: [servera.lab.example.com]
2025-02-04 14:46:16,283 p=21 u=root n=ansible | TASK [Install firewalld] *******************************************************
2025-02-04 14:46:17,301 p=21 u=root n=ansible | ok: [servera.lab.example.com]
2025-02-04 14:46:17,314 p=21 u=root n=ansible | TASK [Debug install_state variable] ********************************************
2025-02-04 14:46:17,355 p=21 u=root n=ansible | ok: [servera.lab.example.com] => {
    "msg": "The state for the samba service is installed"
}
2025-02-04 14:46:17,367 p=21 u=root n=ansible | TASK [Start firewalld] *********************************************************
2025-02-04 14:46:18,228 p=21 u=root n=ansible | ok: [servera.lab.example.com]
2025-02-04 14:46:18,242 p=21 u=root n=ansible | TASK [Configure firewall for samba] ********************************************
2025-02-04 14:46:19,000 p=21 u=root n=ansible | changed: [servera.lab.example.com]
2025-02-04 14:46:19,013 p=21 u=root n=ansible | TASK [Deliver samba config] ****************************************************
2025-02-04 14:46:19,155 p=21 u=root n=ansible | An exception occurred during task execution. To see the full traceback, use -vvv. The error was: If you are using a module and expect the file to exist on the remote, see the remote_src option
2025-02-04 14:46:19,156 p=21 u=root n=ansible | fatal: [servera.lab.example.com]: FAILED! => {"changed": false, "msg": "Could not find or access 'samba.j2'\nSearched in:\n\t/home/student/troubleshoot-playbook/templates/samba.j2\n\t/home/student/troubleshoot-playbook/samba.j2\n\t/home/student/troubleshoot-playbook/templates/samba.j2\n\t/home/student/troubleshoot-playbook/samba.j2 on the Ansible Controller.\nIf you are using a module and expect the file to exist on the remote, see the remote_src option"}
2025-02-04 14:46:19,158 p=21 u=root n=ansible | PLAY RECAP *********************************************************************
2025-02-04 14:46:19,158 p=21 u=root n=ansible | servera.lab.example.com    : ok=6    changed=2    unreachable=0    failed=1    skipped=0    rescued=0    ignored=0   
2025-02-04 14:47:38,057 p=16 u=root n=ansible | {"/usr/share/ansible/collections/ansible_collections": {"amazon.aws": {"version": "3.2.0"}, "ansible.controller": {"version": "4.2.1"}, "ansible.netcommon": {"version": "3.0.0"}, "ansible.network": {"version": "1.2.0"}, "ansible.posix": {"version": "1.3.0"}, "ansible.security": {"version": "1.0.0"}, "ansible.utils": {"version": "2.6.1"}, "ansible.windows": {"version": "1.9.0"}, "ansible.yang": {"version": "1.0.0"}, "arista.eos": {"version": "5.0.0"}, "cisco.asa": {"version": "3.0.0"}, "cisco.ios": {"version": "3.0.0"}, "cisco.iosxr": {"version": "3.0.0"}, "cisco.nxos": {"version": "3.0.0"}, "cloud.common": {"version": "2.1.1"}, "frr.frr": {"version": "2.0.0"}, "ibm.qradar": {"version": "2.0.0"}, "junipernetworks.junos": {"version": "3.0.0"}, "kubernetes.core": {"version": "2.2.3"}, "openvswitch.openvswitch": {"version": "2.1.0"}, "redhat.insights": {"version": "1.0.7"}, "redhat.openshift": {"version": "2.1.0"}, "redhat.rhv": {"version": "1.6.5"}, "redhat.satellite": {"version": "3.3.0"}, "servicenow.itsm": {"version": "1.3.3"}, "splunk.es": {"version": "2.0.0"}, "trendmicro.deepsec": {"version": "2.0.0"}, "vmware.vmware_rest": {"version": "2.1.5"}, "vyos.vyos": {"version": "3.0.0"}}}
2025-02-04 14:47:39,296 p=21 u=root n=ansible | PLAY [Install a samba server] **************************************************
2025-02-04 14:47:39,311 p=21 u=root n=ansible | TASK [Gathering Facts] *********************************************************
2025-02-04 14:47:40,828 p=21 u=root n=ansible | ok: [servera.lab.example.com]
2025-02-04 14:47:40,855 p=21 u=root n=ansible | TASK [Install samba] ***********************************************************
2025-02-04 14:47:41,968 p=21 u=root n=ansible | ok: [servera.lab.example.com]
2025-02-04 14:47:41,980 p=21 u=root n=ansible | TASK [Install firewalld] *******************************************************
2025-02-04 14:47:42,883 p=21 u=root n=ansible | ok: [servera.lab.example.com]
2025-02-04 14:47:42,894 p=21 u=root n=ansible | TASK [Debug install_state variable] ********************************************
2025-02-04 14:47:42,929 p=21 u=root n=ansible | ok: [servera.lab.example.com] => {
    "msg": "The state for the samba service is installed"
}
2025-02-04 14:47:42,940 p=21 u=root n=ansible | TASK [Start firewalld] *********************************************************
2025-02-04 14:47:43,790 p=21 u=root n=ansible | ok: [servera.lab.example.com]
2025-02-04 14:47:43,803 p=21 u=root n=ansible | TASK [Configure firewall for samba] ********************************************
2025-02-04 14:47:44,510 p=21 u=root n=ansible | ok: [servera.lab.example.com]
2025-02-04 14:47:44,522 p=21 u=root n=ansible | TASK [Deliver samba config] ****************************************************
2025-02-04 14:47:45,572 p=21 u=root n=ansible | changed: [servera.lab.example.com]
2025-02-04 14:47:45,583 p=21 u=root n=ansible | TASK [Start samba] *************************************************************
2025-02-04 14:47:46,993 p=21 u=root n=ansible | changed: [servera.lab.example.com]
2025-02-04 14:47:47,016 p=21 u=root n=ansible | PLAY RECAP *********************************************************************
2025-02-04 14:47:47,016 p=21 u=root n=ansible | servera.lab.example.com    : ok=8    changed=2    unreachable=0    failed=0    skipped=0    rescued=0    ignored=0   
