2025-01-23T15:21:25.467179+00:00 INFO 'ansible_navigator.setup_logger' New ansible-navigator instance, logging initialized
2025-01-23T15:21:25.467559+00:00 INFO 'ansible_navigator.setup_logger' New ansible-runner instance, logging initialized
2025-01-23T15:21:25.467609+00:00 DEBUG 'ansible_navigator.main' ansible-builder==1.1.0 /usr/lib/python3.9/site-packages
2025-01-23T15:21:25.467637+00:00 DEBUG 'ansible_navigator.main' ansible-core==2.13.0 /usr/lib/python3.9/site-packages
2025-01-23T15:21:25.467660+00:00 DEBUG 'ansible_navigator.main' ansible-navigator==2.1.0 /usr/lib/python3.9/site-packages
2025-01-23T15:21:25.467681+00:00 DEBUG 'ansible_navigator.main' ansible-runner==2.2.0 /usr/lib/python3.9/site-packages
2025-01-23T15:21:25.467702+00:00 DEBUG 'ansible_navigator.main' attrs==21.4.0 /usr/lib/python3.9/site-packages
2025-01-23T15:21:25.467722+00:00 DEBUG 'ansible_navigator.main' babel==2.9.1 /usr/lib/python3.9/site-packages
2025-01-23T15:21:25.467743+00:00 DEBUG 'ansible_navigator.main' bindep==2.10.2 /usr/lib/python3.9/site-packages
2025-01-23T15:21:25.467763+00:00 DEBUG 'ansible_navigator.main' brlapi==0.8.2 /usr/lib64/python3.9/site-packages
2025-01-23T15:21:25.467784+00:00 DEBUG 'ansible_navigator.main' certifi==2020.6.20 /usr/lib/python3.9/site-packages
2025-01-23T15:21:25.467804+00:00 DEBUG 'ansible_navigator.main' cffi==1.15.0 /usr/lib64/python3.9/site-packages
2025-01-23T15:21:25.467825+00:00 DEBUG 'ansible_navigator.main' chardet==4.0.0 /usr/lib/python3.9/site-packages
2025-01-23T15:21:25.467845+00:00 DEBUG 'ansible_navigator.main' charset-normalizer==2.0.11 /usr/lib/python3.9/site-packages
2025-01-23T15:21:25.467865+00:00 DEBUG 'ansible_navigator.main' chrome-gnome-shell==0.0.0 /usr/lib/python3.9/site-packages
2025-01-23T15:21:25.467885+00:00 DEBUG 'ansible_navigator.main' cloud-init==21.1 /usr/lib/python3.9/site-packages
2025-01-23T15:21:25.467905+00:00 DEBUG 'ansible_navigator.main' configobj==5.0.6 /usr/lib/python3.9/site-packages
2025-01-23T15:21:25.467925+00:00 DEBUG 'ansible_navigator.main' cryptography==36.0.1 /usr/lib64/python3.9/site-packages
2025-01-23T15:21:25.467945+00:00 DEBUG 'ansible_navigator.main' cupshelpers==1.0 /usr/lib/python3.9/site-packages
2025-01-23T15:21:25.467965+00:00 DEBUG 'ansible_navigator.main' dasbus==1.4 /usr/lib/python3.9/site-packages
2025-01-23T15:21:25.467985+00:00 DEBUG 'ansible_navigator.main' dbus-python==1.2.18 /usr/lib64/python3.9/site-packages
2025-01-23T15:21:25.468005+00:00 DEBUG 'ansible_navigator.main' decorator==4.4.2 /usr/lib/python3.9/site-packages
2025-01-23T15:21:25.468104+00:00 DEBUG 'ansible_navigator.main' distlib==0.3.4 /usr/local/lib/python3.9/site-packages
2025-01-23T15:21:25.468126+00:00 DEBUG 'ansible_navigator.main' distro==1.6.0 /usr/lib/python3.9/site-packages
2025-01-23T15:21:25.468146+00:00 DEBUG 'ansible_navigator.main' docutils==0.16 /usr/lib/python3.9/site-packages
2025-01-23T15:21:25.468166+00:00 DEBUG 'ansible_navigator.main' ethtool==0.15 /usr/lib64/python3.9/site-packages
2025-01-23T15:21:25.468186+00:00 DEBUG 'ansible_navigator.main' file-magic==0.4.0 /usr/lib/python3.9/site-packages
2025-01-23T15:21:25.468206+00:00 DEBUG 'ansible_navigator.main' filelock==3.7.0 /usr/local/lib/python3.9/site-packages
2025-01-23T15:21:25.468238+00:00 DEBUG 'ansible_navigator.main' gpg==1.15.1 /usr/lib64/python3.9/site-packages
2025-01-23T15:21:25.468259+00:00 DEBUG 'ansible_navigator.main' idna==3.3 /usr/lib/python3.9/site-packages
2025-01-23T15:21:25.468283+00:00 DEBUG 'ansible_navigator.main' iniparse==0.4 /usr/lib/python3.9/site-packages
2025-01-23T15:21:25.468308+00:00 DEBUG 'ansible_navigator.main' jinja2==3.0.3 /usr/lib/python3.9/site-packages
2025-01-23T15:21:25.468328+00:00 DEBUG 'ansible_navigator.main' jsonpatch==1.21 /usr/lib/python3.9/site-packages
2025-01-23T15:21:25.468348+00:00 DEBUG 'ansible_navigator.main' jsonpointer==2.0 /usr/lib/python3.9/site-packages
2025-01-23T15:21:25.468368+00:00 DEBUG 'ansible_navigator.main' jsonschema==3.2.0 /usr/lib/python3.9/site-packages
2025-01-23T15:21:25.468388+00:00 DEBUG 'ansible_navigator.main' libcomps==0.1.18 /usr/lib64/python3.9/site-packages
2025-01-23T15:21:25.468415+00:00 DEBUG 'ansible_navigator.main' lockfile==0.12.2 /usr/lib/python3.9/site-packages
2025-01-23T15:21:25.468436+00:00 DEBUG 'ansible_navigator.main' lxml==4.6.5 /usr/lib64/python3.9/site-packages
2025-01-23T15:21:25.468456+00:00 DEBUG 'ansible_navigator.main' markupsafe==2.1.0 /usr/lib64/python3.9/site-packages
2025-01-23T15:21:25.468477+00:00 DEBUG 'ansible_navigator.main' netifaces==0.10.6 /usr/lib64/python3.9/site-packages
2025-01-23T15:21:25.468496+00:00 DEBUG 'ansible_navigator.main' nftables==0.1 /usr/lib/python3.9/site-packages
2025-01-23T15:21:25.468516+00:00 DEBUG 'ansible_navigator.main' oauthlib==3.1.1 /usr/lib/python3.9/site-packages
2025-01-23T15:21:25.468536+00:00 DEBUG 'ansible_navigator.main' onigurumacffi==1.1.0 /usr/lib64/python3.9/site-packages
2025-01-23T15:21:25.468556+00:00 DEBUG 'ansible_navigator.main' packaging==21.2 /usr/lib/python3.9/site-packages
2025-01-23T15:21:25.468576+00:00 DEBUG 'ansible_navigator.main' parsley==1.3 /usr/lib/python3.9/site-packages
2025-01-23T15:21:25.468596+00:00 DEBUG 'ansible_navigator.main' pbr==5.8.1 /usr/lib/python3.9/site-packages
2025-01-23T15:21:25.468616+00:00 DEBUG 'ansible_navigator.main' perf==0.1 /usr/lib64/python3.9/site-packages
2025-01-23T15:21:25.468635+00:00 DEBUG 'ansible_navigator.main' pexpect==4.8.0 /usr/lib/python3.9/site-packages
2025-01-23T15:21:25.468655+00:00 DEBUG 'ansible_navigator.main' pip==21.2.3 /usr/lib/python3.9/site-packages
2025-01-23T15:21:25.468675+00:00 DEBUG 'ansible_navigator.main' platformdirs==2.5.2 /usr/local/lib/python3.9/site-packages
2025-01-23T15:21:25.468695+00:00 DEBUG 'ansible_navigator.main' prettytable==0.7.2 /usr/lib/python3.9/site-packages
2025-01-23T15:21:25.468715+00:00 DEBUG 'ansible_navigator.main' psutil==5.8.0 /usr/lib64/python3.9/site-packages
2025-01-23T15:21:25.468735+00:00 DEBUG 'ansible_navigator.main' ptyprocess==0.6.0 /usr/lib/python3.9/site-packages
2025-01-23T15:21:25.468755+00:00 DEBUG 'ansible_navigator.main' pycairo==1.20.0 /usr/lib64/python3.9/site-packages
2025-01-23T15:21:25.468774+00:00 DEBUG 'ansible_navigator.main' pycparser==2.21 /usr/lib/python3.9/site-packages
2025-01-23T15:21:25.468794+00:00 DEBUG 'ansible_navigator.main' pycups==2.0.1 /usr/lib64/python3.9/site-packages
2025-01-23T15:21:25.468814+00:00 DEBUG 'ansible_navigator.main' pycurl==7.43.0.6 /usr/lib64/python3.9/site-packages
2025-01-23T15:21:25.468833+00:00 DEBUG 'ansible_navigator.main' pyenchant==3.2.0 /usr/lib/python3.9/site-packages
2025-01-23T15:21:25.468853+00:00 DEBUG 'ansible_navigator.main' pygobject==3.40.1 /usr/lib64/python3.9/site-packages
2025-01-23T15:21:25.468873+00:00 DEBUG 'ansible_navigator.main' pyinotify==0.9.6 /usr/lib/python3.9/site-packages
2025-01-23T15:21:25.468893+00:00 DEBUG 'ansible_navigator.main' pyopenssl==19.1.0 /usr/lib/python3.9/site-packages
2025-01-23T15:21:25.468913+00:00 DEBUG 'ansible_navigator.main' pyparsing==2.4.7 /usr/lib/python3.9/site-packages
2025-01-23T15:21:25.468933+00:00 DEBUG 'ansible_navigator.main' pyrsistent==0.17.3 /usr/lib64/python3.9/site-packages
2025-01-23T15:21:25.468952+00:00 DEBUG 'ansible_navigator.main' pyserial==3.4 /usr/lib/python3.9/site-packages
2025-01-23T15:21:25.468972+00:00 DEBUG 'ansible_navigator.main' pysocks==1.7.1 /usr/lib/python3.9/site-packages
2025-01-23T15:21:25.468992+00:00 DEBUG 'ansible_navigator.main' python-daemon==2.3.0 /usr/lib/python3.9/site-packages
2025-01-23T15:21:25.469012+00:00 DEBUG 'ansible_navigator.main' python-dateutil==2.8.1 /usr/lib/python3.9/site-packages
2025-01-23T15:21:25.469041+00:00 DEBUG 'ansible_navigator.main' python-dmidecode==3.12.2 /usr/lib64/python3.9/site-packages
2025-01-23T15:21:25.469061+00:00 DEBUG 'ansible_navigator.main' python-linux-procfs==0.7.0 /usr/lib/python3.9/site-packages
2025-01-23T15:21:25.469080+00:00 DEBUG 'ansible_navigator.main' pytz==2021.3 /usr/lib/python3.9/site-packages
2025-01-23T15:21:25.469100+00:00 DEBUG 'ansible_navigator.main' pyudev==0.22.0 /usr/lib/python3.9/site-packages
2025-01-23T15:21:25.469119+00:00 DEBUG 'ansible_navigator.main' pyxdg==0.27 /usr/lib/python3.9/site-packages
2025-01-23T15:21:25.469142+00:00 DEBUG 'ansible_navigator.main' pyyaml==5.4.1 /usr/lib64/python3.9/site-packages
2025-01-23T15:21:25.469162+00:00 DEBUG 'ansible_navigator.main' requests==2.27.1 /usr/lib/python3.9/site-packages
2025-01-23T15:21:25.469182+00:00 DEBUG 'ansible_navigator.main' requirements-parser==0.2.0 /usr/lib/python3.9/site-packages
2025-01-23T15:21:25.469201+00:00 DEBUG 'ansible_navigator.main' resolvelib==0.5.4 /usr/lib/python3.9/site-packages
2025-01-23T15:21:25.469221+00:00 DEBUG 'ansible_navigator.main' rpm==4.16.1.3 /usr/lib64/python3.9/site-packages
2025-01-23T15:21:25.469248+00:00 DEBUG 'ansible_navigator.main' selinux==3.3 /usr/lib64/python3.9/site-packages
2025-01-23T15:21:25.469268+00:00 DEBUG 'ansible_navigator.main' sepolicy==3.3 /usr/lib/python3.9/site-packages
2025-01-23T15:21:25.469287+00:00 DEBUG 'ansible_navigator.main' setools==4.4.0 /usr/lib64/python3.9/site-packages
2025-01-23T15:21:25.469307+00:00 DEBUG 'ansible_navigator.main' setroubleshoot==1.1 /usr/lib/python3.9/site-packages
2025-01-23T15:21:25.469326+00:00 DEBUG 'ansible_navigator.main' setuptools==53.0.0 /usr/lib/python3.9/site-packages
2025-01-23T15:21:25.469350+00:00 DEBUG 'ansible_navigator.main' six==1.16.0 /usr/lib/python3.9/site-packages
2025-01-23T15:21:25.469371+00:00 DEBUG 'ansible_navigator.main' sos==4.2 /usr/lib/python3.9/site-packages
2025-01-23T15:21:25.469391+00:00 DEBUG 'ansible_navigator.main' subscription-manager==1.29.26 /usr/lib64/python3.9/site-packages
2025-01-23T15:21:25.469411+00:00 DEBUG 'ansible_navigator.main' systemd-python==234 /usr/lib64/python3.9/site-packages
2025-01-23T15:21:25.469430+00:00 DEBUG 'ansible_navigator.main' urllib3==1.26.8 /usr/lib/python3.9/site-packages
2025-01-23T15:21:25.469450+00:00 DEBUG 'ansible_navigator.main' virtualenv==20.14.1 /usr/local/lib/python3.9/site-packages
2025-01-23T15:21:25.469470+00:00 DEBUG 'ansible_navigator.main' Share directory '/usr/lib/python3.9/share/ansible_navigator' not found (development path)
2025-01-23T15:21:25.469490+00:00 DEBUG 'ansible_navigator.main' Share directory '/home/student/.local/share/ansible_navigator' not found (userbase)
2025-01-23T15:21:25.469510+00:00 DEBUG 'ansible_navigator.main' Share directory '/usr/share/ansible_navigator' found (sys.prefix)
2025-01-23T15:21:25.469530+00:00 DEBUG 'ansible_navigator.main' Default collection_doc_cache_path set to: /home/student/.cache/ansible-navigator/collection_doc_cache.db
2025-01-23T15:21:25.469550+00:00 DEBUG 'ansible_navigator.main' EDITOR environment variable not set
2025-01-23T15:21:25.469570+00:00 DEBUG 'ansible_navigator.main' Default editor_command set to: vi +{line_number} {filename}
2025-01-23T15:21:25.469589+00:00 DEBUG 'ansible_navigator.main' No config file set by ANSIBLE_NAVIGATOR_CONFIG
2025-01-23T15:21:25.469609+00:00 DEBUG 'ansible_navigator.main' Looking in /home/student
2025-01-23T15:21:25.469629+00:00 DEBUG 'ansible_navigator.main' Looking for '/home/student/.ansible-navigator.yml', '/home/student/.ansible-navigator.yaml' and '/home/student/.ansible-navigator.json'
2025-01-23T15:21:25.469649+00:00 DEBUG 'ansible_navigator.main' Found 1: '/home/student/.ansible-navigator.yml'
2025-01-23T15:21:25.469669+00:00 DEBUG 'ansible_navigator.main' Looking in /home/student/work1/today
2025-01-23T15:21:25.469688+00:00 DEBUG 'ansible_navigator.main' Looking for '/home/student/work1/today/ansible-navigator.yml', '/home/student/work1/today/ansible-navigator.yaml' and '/home/student/work1/today/ansible-navigator.json'
2025-01-23T15:21:25.469713+00:00 DEBUG 'ansible_navigator.main' Found 1: '/home/student/work1/today/ansible-navigator.yml'
2025-01-23T15:21:25.469733+00:00 DEBUG 'ansible_navigator.main' All found 2: '/home/student/.ansible-navigator.yml' and '/home/student/work1/today/ansible-navigator.yml'
2025-01-23T15:21:25.469753+00:00 DEBUG 'ansible_navigator.main' Using: /home/student/work1/today/ansible-navigator.yml
2025-01-23T15:21:25.469773+00:00 DEBUG 'ansible_navigator.main' Using settings file at /home/student/work1/today/ansible-navigator.yml in search path
2025-01-23T15:21:25.469797+00:00 DEBUG 'ansible_navigator.main' Command provided: 'run -m studout root_password_reset.yml --ask-vault-password'
2025-01-23T15:21:25.469818+00:00 DEBUG 'ansible_navigator.main' ansible-navigator.ansible-runner.artifact-dir not found in settings file
2025-01-23T15:21:25.469838+00:00 DEBUG 'ansible_navigator.main' ansible-navigator.ansible-runner.rotate-artifacts-count not found in settings file
2025-01-23T15:21:25.469858+00:00 DEBUG 'ansible_navigator.main' ansible-navigator.ansible-runner.timeout not found in settings file
2025-01-23T15:21:25.469878+00:00 DEBUG 'ansible_navigator.main' ansible-navigator.app not found in settings file
2025-01-23T15:21:25.469898+00:00 DEBUG 'ansible_navigator.main' ansible-navigator.ansible.cmdline not found in settings file
2025-01-23T15:21:25.469918+00:00 DEBUG 'ansible_navigator.main' ansible-navigator.collection-doc-cache-path not found in settings file
2025-01-23T15:21:25.469938+00:00 DEBUG 'ansible_navigator.main' ansible-navigator.ansible.config.path not found in settings file
2025-01-23T15:21:25.469962+00:00 DEBUG 'ansible_navigator.main' ansible-navigator.execution-environment.container-engine not found in settings file
2025-01-23T15:21:25.469982+00:00 DEBUG 'ansible_navigator.main' ansible-navigator.execution-environment.container-options not found in settings file
2025-01-23T15:21:25.470005+00:00 DEBUG 'ansible_navigator.main' ansible-navigator.color.enable not found in settings file
2025-01-23T15:21:25.470036+00:00 DEBUG 'ansible_navigator.main' ansible-navigator.editor.command not found in settings file
2025-01-23T15:21:25.470056+00:00 DEBUG 'ansible_navigator.main' ansible-navigator.editor.console not found in settings file
2025-01-23T15:21:25.470076+00:00 DEBUG 'ansible_navigator.main' ansible-navigator.exec.command not found in settings file
2025-01-23T15:21:25.470096+00:00 DEBUG 'ansible_navigator.main' ansible-navigator.exec.shell not found in settings file
2025-01-23T15:21:25.470116+00:00 DEBUG 'ansible_navigator.main' ansible-navigator.execution-environment.enabled not found in settings file
2025-01-23T15:21:25.470136+00:00 DEBUG 'ansible_navigator.main' ansible-navigator.execution-environment.volume-mounts not found in settings file
2025-01-23T15:21:25.470156+00:00 DEBUG 'ansible_navigator.main' ansible-navigator.ansible-builder.help not found in settings file
2025-01-23T15:21:25.470176+00:00 DEBUG 'ansible_navigator.main' ansible-navigator.ansible.config.help not found in settings file
2025-01-23T15:21:25.470196+00:00 DEBUG 'ansible_navigator.main' ansible-navigator.ansible.doc.help not found in settings file
2025-01-23T15:21:25.470215+00:00 DEBUG 'ansible_navigator.main' ansible-navigator.ansible.inventory.help not found in settings file
2025-01-23T15:21:25.470243+00:00 DEBUG 'ansible_navigator.main' ansible-navigator.ansible.playbook.help not found in settings file
2025-01-23T15:21:25.470263+00:00 DEBUG 'ansible_navigator.main' ansible-navigator.images.details not found in settings file
2025-01-23T15:21:25.470283+00:00 DEBUG 'ansible_navigator.main' ansible-navigator.ansible.inventory.entries not found in settings file
2025-01-23T15:21:25.470303+00:00 DEBUG 'ansible_navigator.main' ansible-navigator.inventory-columns not found in settings file
2025-01-23T15:21:25.470322+00:00 DEBUG 'ansible_navigator.main' ansible-navigator.ansible-lint.config not found in settings file
2025-01-23T15:21:25.470342+00:00 DEBUG 'ansible_navigator.main' ansible-navigator.ansible-lint.lintables not found in settings file
2025-01-23T15:21:25.470362+00:00 DEBUG 'ansible_navigator.main' ansible-navigator.logging.append not found in settings file
2025-01-23T15:21:25.470382+00:00 DEBUG 'ansible_navigator.main' ansible-navigator.logging.file not found in settings file
2025-01-23T15:21:25.470402+00:00 DEBUG 'ansible_navigator.main' ansible-navigator.logging.level not found in settings file
2025-01-23T15:21:25.470421+00:00 DEBUG 'ansible_navigator.main' ansible-navigator.mode not found in settings file
2025-01-23T15:21:25.470441+00:00 DEBUG 'ansible_navigator.main' ansible-navigator.color.osc4 not found in settings file
2025-01-23T15:21:25.470464+00:00 DEBUG 'ansible_navigator.main' ansible-navigator.execution-environment.environment-variables.pass not found in settings file
2025-01-23T15:21:25.470485+00:00 DEBUG 'ansible_navigator.main' ansible-navigator.ansible.playbook.path not found in settings file
2025-01-23T15:21:25.470505+00:00 DEBUG 'ansible_navigator.main' ansible-navigator.playbook-artifact.replay not found in settings file
2025-01-23T15:21:25.470525+00:00 DEBUG 'ansible_navigator.main' ansible-navigator.playbook-artifact.save-as not found in settings file
2025-01-23T15:21:25.470545+00:00 DEBUG 'ansible_navigator.main' ansible-navigator.ansible.doc.plugin.name not found in settings file
2025-01-23T15:21:25.470565+00:00 DEBUG 'ansible_navigator.main' ansible-navigator.ansible.doc.plugin.type not found in settings file
2025-01-23T15:21:25.470584+00:00 DEBUG 'ansible_navigator.main' ansible-navigator.execution-environment.pull.arguments not found in settings file
2025-01-23T15:21:25.470605+00:00 DEBUG 'ansible_navigator.main' ansible-navigator.execution-environment.environment-variables.set not found in settings file
2025-01-23T15:21:25.470624+00:00 DEBUG 'ansible_navigator.main' ansible-navigator.settings.effective not found in settings file
2025-01-23T15:21:25.470644+00:00 DEBUG 'ansible_navigator.main' ansible-navigator.settings.sample not found in settings file
2025-01-23T15:21:25.470664+00:00 DEBUG 'ansible_navigator.main' ansible-navigator.settings.schema not found in settings file
2025-01-23T15:21:25.470684+00:00 DEBUG 'ansible_navigator.main' ansible-navigator.settings.sources not found in settings file
2025-01-23T15:21:25.470703+00:00 DEBUG 'ansible_navigator.main' ansible-navigator.time-zone not found in settings file
2025-01-23T15:21:25.470723+00:00 DEBUG 'ansible_navigator.main' ansible-navigator.ansible-builder.workdir not found in settings file
2025-01-23T15:21:25.470742+00:00 DEBUG 'ansible_navigator.main' EE support enabled: using current working directory for 'ansible.cfg'
2025-01-23T15:21:25.470762+00:00 INFO 'ansible_navigator.main' EE support enabled: found 'ansible.cfg' in current working directory.
2025-01-23T15:21:25.470782+00:00 DEBUG 'ansible_navigator.main' Completed post processing for ansible_runner_artifact_dir. (changed=False)
2025-01-23T15:21:25.470801+00:00 DEBUG 'ansible_navigator.main' Completed post processing for ansible_runner_rotate_artifacts_count. (changed=False)
2025-01-23T15:21:25.470820+00:00 DEBUG 'ansible_navigator.main' Completed post processing for ansible_runner_timeout. (changed=False)
2025-01-23T15:21:25.470840+00:00 DEBUG 'ansible_navigator.main' Completed post processing for cmdline. (changed=False)
2025-01-23T15:21:25.470860+00:00 DEBUG 'ansible_navigator.main' Completed post processing for collection_doc_cache_path. (changed=False)
2025-01-23T15:21:25.470879+00:00 DEBUG 'ansible_navigator.main' Completed post processing for container_engine. (changed=True)
2025-01-23T15:21:25.470898+00:00 DEBUG 'ansible_navigator.main'  before: 'auto'
2025-01-23T15:21:25.470918+00:00 DEBUG 'ansible_navigator.main'  after: 'podman'
2025-01-23T15:21:25.470938+00:00 DEBUG 'ansible_navigator.main' Completed post processing for container_options. (changed=False)
2025-01-23T15:21:25.470957+00:00 DEBUG 'ansible_navigator.main' Completed post processing for display_color. (changed=False)
2025-01-23T15:21:25.470977+00:00 DEBUG 'ansible_navigator.main' Completed post processing for execution_environment. (changed=False)
2025-01-23T15:21:25.470996+00:00 DEBUG 'ansible_navigator.main' Completed post processing for execution_environment_image. (changed=False)
2025-01-23T15:21:25.471022+00:00 DEBUG 'ansible_navigator.main' Completed post processing for help_builder. (changed=False)
2025-01-23T15:21:25.471044+00:00 DEBUG 'ansible_navigator.main' Completed post processing for help_config. (changed=False)
2025-01-23T15:21:25.471063+00:00 DEBUG 'ansible_navigator.main' Completed post processing for help_doc. (changed=False)
2025-01-23T15:21:25.471089+00:00 DEBUG 'ansible_navigator.main' Completed post processing for help_inventory. (changed=False)
2025-01-23T15:21:25.471109+00:00 DEBUG 'ansible_navigator.main' Completed post processing for help_playbook. (changed=False)
2025-01-23T15:21:25.471128+00:00 DEBUG 'ansible_navigator.main' Completed post processing for images_details. (changed=False)
2025-01-23T15:21:25.471148+00:00 DEBUG 'ansible_navigator.main' Completed post processing for inventory. (changed=True)
2025-01-23T15:21:25.471167+00:00 DEBUG 'ansible_navigator.main'  before: 'Not set'
2025-01-23T15:21:25.471186+00:00 DEBUG 'ansible_navigator.main'  after: '['/home/student/work1/today/inventory.txt']'
2025-01-23T15:21:25.471206+00:00 DEBUG 'ansible_navigator.main' Completed post processing for inventory_column. (changed=False)
2025-01-23T15:21:25.471232+00:00 DEBUG 'ansible_navigator.main' Completed post processing for log_file. (changed=False)
2025-01-23T15:21:25.471252+00:00 DEBUG 'ansible_navigator.main' Completed post processing for pass_environment_variable. (changed=False)
2025-01-23T15:21:25.471272+00:00 DEBUG 'ansible_navigator.main' Completed post processing for playbook. (changed=True)
2025-01-23T15:21:25.471292+00:00 DEBUG 'ansible_navigator.main'  before: 'root_password_reset.yml'
2025-01-23T15:21:25.471311+00:00 DEBUG 'ansible_navigator.main'  after: '/home/student/work1/today/root_password_reset.yml'
2025-01-23T15:21:25.471331+00:00 DEBUG 'ansible_navigator.main' Completed post processing for playbook_artifact_replay. (changed=False)
2025-01-23T15:21:25.471350+00:00 DEBUG 'ansible_navigator.main' Completed post processing for playbook_artifact_save_as. (changed=False)
2025-01-23T15:21:25.471370+00:00 DEBUG 'ansible_navigator.main' Completed post processing for plugin_name. (changed=False)
2025-01-23T15:21:25.471389+00:00 DEBUG 'ansible_navigator.main' Completed post processing for pull_arguments. (changed=False)
2025-01-23T15:21:25.471409+00:00 DEBUG 'ansible_navigator.main' Completed post processing for set_environment_variable. (changed=False)
2025-01-23T15:21:25.471428+00:00 DEBUG 'ansible_navigator.main' Completed post processing for settings_effective. (changed=False)
2025-01-23T15:21:25.471447+00:00 DEBUG 'ansible_navigator.main' Completed post processing for settings_sample. (changed=False)
2025-01-23T15:21:25.471467+00:00 DEBUG 'ansible_navigator.main' Completed post processing for settings_schema. (changed=False)
2025-01-23T15:21:25.471487+00:00 DEBUG 'ansible_navigator.main' Completed post processing for settings_sources. (changed=False)
2025-01-23T15:21:25.471506+00:00 DEBUG 'ansible_navigator.main' Completed post processing for time_zone. (changed=False)
2025-01-23T15:21:25.471525+00:00 DEBUG 'ansible_navigator.main' Completed post processing for execution_environment_volume_mounts. (changed=False)
2025-01-23T15:21:25.471545+00:00 DEBUG 'ansible_navigator.main' Completed post processing for mode. (changed=False)
2025-01-23T15:21:25.471569+00:00 WARNING 'ansible_navigator.main' Configuration errors encountered, rolling back to previous configuration.
2025-01-23T15:21:25.471589+00:00 DEBUG 'ansible_navigator.main' Prior to rollback: ansible_runner_artifact_dir = 'Not set' (Constants/Not set)
2025-01-23T15:21:25.471609+00:00 DEBUG 'ansible_navigator.main' Prior to rollback: ansible_runner_rotate_artifacts_count = 'Not set' (Constants/Not set)
2025-01-23T15:21:25.471628+00:00 DEBUG 'ansible_navigator.main' Prior to rollback: ansible_runner_timeout = 'Not set' (Constants/Not set)
2025-01-23T15:21:25.471648+00:00 DEBUG 'ansible_navigator.main' Prior to rollback: app = 'run' (str/Command line)
2025-01-23T15:21:25.471667+00:00 DEBUG 'ansible_navigator.main' Prior to rollback: cmdline = '['--ask-vault-password']' (list/Command line)
2025-01-23T15:21:25.471686+00:00 DEBUG 'ansible_navigator.main' Prior to rollback: collection_doc_cache_path = '/home/student/.cache/ansible-navigator/collection_doc_cache.db' (str/Defaults)
2025-01-23T15:21:25.471706+00:00 DEBUG 'ansible_navigator.main' Prior to rollback: config = 'Not set' (Constants/Not set)
2025-01-23T15:21:25.471729+00:00 DEBUG 'ansible_navigator.main' Prior to rollback: container_engine = 'podman' (str/Automatically determined)
2025-01-23T15:21:25.471749+00:00 DEBUG 'ansible_navigator.main' Prior to rollback: container_options = 'Not set' (Constants/Not set)
2025-01-23T15:21:25.471768+00:00 DEBUG 'ansible_navigator.main' Prior to rollback: display_color = 'True' (bool/Defaults)
2025-01-23T15:21:25.471787+00:00 DEBUG 'ansible_navigator.main' Prior to rollback: editor_command = 'vi +{line_number} {filename}' (str/Defaults)
2025-01-23T15:21:25.471806+00:00 DEBUG 'ansible_navigator.main' Prior to rollback: editor_console = 'True' (bool/Defaults)
2025-01-23T15:21:25.471826+00:00 DEBUG 'ansible_navigator.main' Prior to rollback: exec_command = '/bin/bash' (str/Defaults)
2025-01-23T15:21:25.471845+00:00 DEBUG 'ansible_navigator.main' Prior to rollback: exec_shell = 'True' (bool/Defaults)
2025-01-23T15:21:25.471864+00:00 DEBUG 'ansible_navigator.main' Prior to rollback: execution_environment = 'True' (bool/Defaults)
2025-01-23T15:21:25.471884+00:00 DEBUG 'ansible_navigator.main' Prior to rollback: execution_environment_image = 'utility.lab.example.com/ee-supported-rhel8:latest' (str/Settings file)
2025-01-23T15:21:25.471903+00:00 DEBUG 'ansible_navigator.main' Prior to rollback: execution_environment_volume_mounts = 'Not set' (Constants/Not set)
2025-01-23T15:21:25.471923+00:00 DEBUG 'ansible_navigator.main' Prior to rollback: help_builder = 'False' (bool/Defaults)
2025-01-23T15:21:25.471942+00:00 DEBUG 'ansible_navigator.main' Prior to rollback: help_config = 'False' (bool/Defaults)
2025-01-23T15:21:25.471961+00:00 DEBUG 'ansible_navigator.main' Prior to rollback: help_doc = 'False' (bool/Defaults)
2025-01-23T15:21:25.471980+00:00 DEBUG 'ansible_navigator.main' Prior to rollback: help_inventory = 'False' (bool/Defaults)
2025-01-23T15:21:25.471999+00:00 DEBUG 'ansible_navigator.main' Prior to rollback: help_playbook = 'False' (bool/Defaults)
2025-01-23T15:21:25.472069+00:00 DEBUG 'ansible_navigator.main' Prior to rollback: images_details = '['everything']' (list/Defaults)
2025-01-23T15:21:25.472092+00:00 DEBUG 'ansible_navigator.main' Prior to rollback: inventory = '['/home/student/work1/today/inventory.txt']' (list/Ansible configuration file)
2025-01-23T15:21:25.472112+00:00 DEBUG 'ansible_navigator.main' Prior to rollback: inventory_column = 'Not set' (Constants/Not set)
2025-01-23T15:21:25.472132+00:00 DEBUG 'ansible_navigator.main' Prior to rollback: lint_config = 'Not set' (Constants/Not set)
2025-01-23T15:21:25.472152+00:00 DEBUG 'ansible_navigator.main' Prior to rollback: lintables = 'Not set' (Constants/Not set)
2025-01-23T15:21:25.472171+00:00 DEBUG 'ansible_navigator.main' Prior to rollback: log_append = 'True' (bool/Defaults)
2025-01-23T15:21:25.472190+00:00 DEBUG 'ansible_navigator.main' Prior to rollback: log_file = '/home/student/work1/today/ansible-navigator.log' (str/Defaults)
2025-01-23T15:21:25.472210+00:00 DEBUG 'ansible_navigator.main' Prior to rollback: log_level = 'warning' (str/Defaults)
2025-01-23T15:21:25.472237+00:00 DEBUG 'ansible_navigator.main' Prior to rollback: mode = 'studout' (str/Command line)
2025-01-23T15:21:25.472257+00:00 DEBUG 'ansible_navigator.main' Prior to rollback: osc4 = 'True' (bool/Defaults)
2025-01-23T15:21:25.472276+00:00 DEBUG 'ansible_navigator.main' Prior to rollback: pass_environment_variable = 'Not set' (Constants/Not set)
2025-01-23T15:21:25.472296+00:00 DEBUG 'ansible_navigator.main' Prior to rollback: playbook = '/home/student/work1/today/root_password_reset.yml' (str/Command line)
2025-01-23T15:21:25.472315+00:00 DEBUG 'ansible_navigator.main' Prior to rollback: playbook_artifact_enable = 'False' (bool/Settings file)
2025-01-23T15:21:25.472335+00:00 DEBUG 'ansible_navigator.main' Prior to rollback: playbook_artifact_replay = 'Not set' (Constants/Not set)
2025-01-23T15:21:25.472355+00:00 DEBUG 'ansible_navigator.main' Prior to rollback: playbook_artifact_save_as = '{playbook_dir}/{playbook_name}-artifact-{time_stamp}.json' (str/Defaults)
2025-01-23T15:21:25.472378+00:00 DEBUG 'ansible_navigator.main' Prior to rollback: plugin_name = 'Not set' (Constants/Not set)
2025-01-23T15:21:25.472398+00:00 DEBUG 'ansible_navigator.main' Prior to rollback: plugin_type = 'module' (str/Defaults)
2025-01-23T15:21:25.472418+00:00 DEBUG 'ansible_navigator.main' Prior to rollback: pull_arguments = 'Not set' (Constants/Not set)
2025-01-23T15:21:25.472437+00:00 DEBUG 'ansible_navigator.main' Prior to rollback: pull_policy = 'missing' (str/Settings file)
2025-01-23T15:21:25.472457+00:00 DEBUG 'ansible_navigator.main' Prior to rollback: set_environment_variable = 'Not set' (Constants/Not set)
2025-01-23T15:21:25.472476+00:00 DEBUG 'ansible_navigator.main' Prior to rollback: settings_effective = 'False' (bool/Defaults)
2025-01-23T15:21:25.472496+00:00 DEBUG 'ansible_navigator.main' Prior to rollback: settings_sample = 'False' (bool/Defaults)
2025-01-23T15:21:25.472516+00:00 DEBUG 'ansible_navigator.main' Prior to rollback: settings_schema = 'json' (str/Defaults)
2025-01-23T15:21:25.472535+00:00 DEBUG 'ansible_navigator.main' Prior to rollback: settings_sources = 'False' (bool/Defaults)
2025-01-23T15:21:25.472554+00:00 DEBUG 'ansible_navigator.main' Prior to rollback: time_zone = 'UTC' (str/Defaults)
2025-01-23T15:21:25.472574+00:00 DEBUG 'ansible_navigator.main' Prior to rollback: workdir = '/home/student/work1/today' (str/Defaults)
2025-01-23T15:21:25.472593+00:00 DEBUG 'ansible_navigator.main' After rollback: ansible_runner_artifact_dir = 'Not set' (Constants/Not set)
2025-01-23T15:21:25.472613+00:00 DEBUG 'ansible_navigator.main' After rollback: ansible_runner_rotate_artifacts_count = 'Not set' (Constants/Not set)
2025-01-23T15:21:25.472633+00:00 DEBUG 'ansible_navigator.main' After rollback: ansible_runner_timeout = 'Not set' (Constants/Not set)
2025-01-23T15:21:25.472652+00:00 DEBUG 'ansible_navigator.main' After rollback: app = 'Not set' (Constants/Not set)
2025-01-23T15:21:25.472671+00:00 DEBUG 'ansible_navigator.main' After rollback: cmdline = 'Not set' (Constants/Not set)
2025-01-23T15:21:25.472691+00:00 DEBUG 'ansible_navigator.main' After rollback: collection_doc_cache_path = 'Not set' (Constants/Not set)
2025-01-23T15:21:25.472710+00:00 DEBUG 'ansible_navigator.main' After rollback: config = 'Not set' (Constants/Not set)
2025-01-23T15:21:25.472730+00:00 DEBUG 'ansible_navigator.main' After rollback: container_engine = 'Not set' (Constants/Not set)
2025-01-23T15:21:25.472749+00:00 DEBUG 'ansible_navigator.main' After rollback: container_options = 'Not set' (Constants/Not set)
2025-01-23T15:21:25.472769+00:00 DEBUG 'ansible_navigator.main' After rollback: display_color = 'Not set' (Constants/Not set)
2025-01-23T15:21:25.472788+00:00 DEBUG 'ansible_navigator.main' After rollback: editor_command = 'Not set' (Constants/Not set)
2025-01-23T15:21:25.472808+00:00 DEBUG 'ansible_navigator.main' After rollback: editor_console = 'Not set' (Constants/Not set)
2025-01-23T15:21:25.472827+00:00 DEBUG 'ansible_navigator.main' After rollback: exec_command = 'Not set' (Constants/Not set)
2025-01-23T15:21:25.472846+00:00 DEBUG 'ansible_navigator.main' After rollback: exec_shell = 'Not set' (Constants/Not set)
2025-01-23T15:21:25.472866+00:00 DEBUG 'ansible_navigator.main' After rollback: execution_environment = 'Not set' (Constants/Not set)
2025-01-23T15:21:25.472886+00:00 DEBUG 'ansible_navigator.main' After rollback: execution_environment_image = 'Not set' (Constants/Not set)
2025-01-23T15:21:25.472905+00:00 DEBUG 'ansible_navigator.main' After rollback: execution_environment_volume_mounts = 'Not set' (Constants/Not set)
2025-01-23T15:21:25.472925+00:00 DEBUG 'ansible_navigator.main' After rollback: help_builder = 'Not set' (Constants/Not set)
2025-01-23T15:21:25.472945+00:00 DEBUG 'ansible_navigator.main' After rollback: help_config = 'Not set' (Constants/Not set)
2025-01-23T15:21:25.472964+00:00 DEBUG 'ansible_navigator.main' After rollback: help_doc = 'Not set' (Constants/Not set)
2025-01-23T15:21:25.472983+00:00 DEBUG 'ansible_navigator.main' After rollback: help_inventory = 'Not set' (Constants/Not set)
2025-01-23T15:21:25.473034+00:00 DEBUG 'ansible_navigator.main' After rollback: help_playbook = 'Not set' (Constants/Not set)
2025-01-23T15:21:25.473060+00:00 DEBUG 'ansible_navigator.main' After rollback: images_details = 'Not set' (Constants/Not set)
2025-01-23T15:21:25.473080+00:00 DEBUG 'ansible_navigator.main' After rollback: inventory = 'Not set' (Constants/Not set)
2025-01-23T15:21:25.473118+00:00 DEBUG 'ansible_navigator.main' After rollback: inventory_column = 'Not set' (Constants/Not set)
2025-01-23T15:21:25.473142+00:00 DEBUG 'ansible_navigator.main' After rollback: lint_config = 'Not set' (Constants/Not set)
2025-01-23T15:21:25.473161+00:00 DEBUG 'ansible_navigator.main' After rollback: lintables = 'Not set' (Constants/Not set)
2025-01-23T15:21:25.473181+00:00 DEBUG 'ansible_navigator.main' After rollback: log_append = 'Not set' (Constants/Not set)
2025-01-23T15:21:25.473200+00:00 DEBUG 'ansible_navigator.main' After rollback: log_file = 'Not set' (Constants/Not set)
2025-01-23T15:21:25.473220+00:00 DEBUG 'ansible_navigator.main' After rollback: log_level = 'Not set' (Constants/Not set)
2025-01-23T15:21:25.473246+00:00 DEBUG 'ansible_navigator.main' After rollback: mode = 'Not set' (Constants/Not set)
2025-01-23T15:21:25.473266+00:00 DEBUG 'ansible_navigator.main' After rollback: osc4 = 'Not set' (Constants/Not set)
2025-01-23T15:21:25.473286+00:00 DEBUG 'ansible_navigator.main' After rollback: pass_environment_variable = 'Not set' (Constants/Not set)
2025-01-23T15:21:25.473305+00:00 DEBUG 'ansible_navigator.main' After rollback: playbook = 'Not set' (Constants/Not set)
2025-01-23T15:21:25.473325+00:00 DEBUG 'ansible_navigator.main' After rollback: playbook_artifact_enable = 'Not set' (Constants/Not set)
2025-01-23T15:21:25.473343+00:00 DEBUG 'ansible_navigator.main' After rollback: playbook_artifact_replay = 'Not set' (Constants/Not set)
2025-01-23T15:21:25.473363+00:00 DEBUG 'ansible_navigator.main' After rollback: playbook_artifact_save_as = 'Not set' (Constants/Not set)
2025-01-23T15:21:25.473382+00:00 DEBUG 'ansible_navigator.main' After rollback: plugin_name = 'Not set' (Constants/Not set)
2025-01-23T15:21:25.473402+00:00 DEBUG 'ansible_navigator.main' After rollback: plugin_type = 'Not set' (Constants/Not set)
2025-01-23T15:21:25.473421+00:00 DEBUG 'ansible_navigator.main' After rollback: pull_arguments = 'Not set' (Constants/Not set)
2025-01-23T15:21:25.473440+00:00 DEBUG 'ansible_navigator.main' After rollback: pull_policy = 'Not set' (Constants/Not set)
2025-01-23T15:21:25.473459+00:00 DEBUG 'ansible_navigator.main' After rollback: set_environment_variable = 'Not set' (Constants/Not set)
2025-01-23T15:21:25.473478+00:00 DEBUG 'ansible_navigator.main' After rollback: settings_effective = 'Not set' (Constants/Not set)
2025-01-23T15:21:25.473497+00:00 DEBUG 'ansible_navigator.main' After rollback: settings_sample = 'Not set' (Constants/Not set)
2025-01-23T15:21:25.473517+00:00 DEBUG 'ansible_navigator.main' After rollback: settings_schema = 'Not set' (Constants/Not set)
2025-01-23T15:21:25.473536+00:00 DEBUG 'ansible_navigator.main' After rollback: settings_sources = 'Not set' (Constants/Not set)
2025-01-23T15:21:25.473556+00:00 DEBUG 'ansible_navigator.main' After rollback: time_zone = 'Not set' (Constants/Not set)
2025-01-23T15:21:25.473575+00:00 DEBUG 'ansible_navigator.main' After rollback: workdir = 'Not set' (Constants/Not set)
2025-01-23T15:21:25.473594+00:00 DEBUG 'ansible_navigator.main' Configuration rollback complete.
2025-01-23T15:21:25.473614+00:00 DEBUG 'ansible_navigator.main' Collection doc cache not mounted
2025-01-23T15:21:25.473650+00:00 WARNING 'ansible_navigator.main' Issues were found while applying the settings.
2025-01-23T15:21:25.473673+00:00 INFO 'ansible_navigator.main' Command provided: 'run -m studout root_password_reset.yml --ask-vault-password'
2025-01-23T15:21:25.473701+00:00 ERROR 'ansible_navigator.main' The setting 'mode' must be one of 'stdout' or 'interactive', but set as 'studout'. (Command line)
2025-01-23T15:21:25.473723+00:00 INFO 'ansible_navigator.main' Try again with '-m stdout' or '-m interactive'
2025-01-23T15:21:25.473751+00:00 INFO 'ansible_navigator.main' Configuration failed, using default log file location. (/home/student/work1/today/ansible-navigator.log) Log level set to debug
2025-01-23T15:21:25.473774+00:00 INFO 'ansible_navigator.main' Review the hints and log file to see what went wrong.
